-------------------------------------------------------------------------------
Test set: ISO2.Exe1.CustomDateTest$UtilityMethodsCoverage
-------------------------------------------------------------------------------
Tests run: 5, Failures: 0, Errors: 5, Skipped: 0, Time elapsed: 0.007 s <<< FAILURE! - in ISO2.Exe1.CustomDateTest$UtilityMethodsCoverage
ISO2.Exe1.CustomDateTest$UtilityMethodsCoverage.testGetMonth  Time elapsed: 0 s  <<< ERROR!
java.lang.Error: 
Unresolved compilation problems: 
	The declared package "iso2.exe1" does not match the expected package "ISO2.Exe1"
	The import iso2 cannot be resolved
	CustomDate cannot be resolved to a type
	CustomDate cannot be resolved to a type
	CustomDate cannot be resolved to a type
	CustomDate cannot be resolved to a type
	CustomDate cannot be resolved to a type
	CustomDate cannot be resolved to a type
	CustomDate cannot be resolved to a type
	CustomDate cannot be resolved to a type
	CustomDate cannot be resolved to a type
	CustomDate cannot be resolved to a type
	CustomDate cannot be resolved to a type
	CustomDate cannot be resolved to a type
	CustomDate cannot be resolved to a type
	CustomDate cannot be resolved to a type
	CustomDate cannot be resolved to a type
	CustomDate cannot be resolved to a type
	CustomDate cannot be resolved to a type
	CustomDate cannot be resolved to a type
	CustomDate cannot be resolved to a type
	CustomDate cannot be resolved to a type
	CustomDate cannot be resolved to a type
	CustomDate cannot be resolved to a type
	CustomDate cannot be resolved to a type
	CustomDate cannot be resolved to a type
	CustomDate cannot be resolved to a type
	CustomDate cannot be resolved to a type
	CustomDate cannot be resolved to a type
	CustomDate cannot be resolved to a type
	CustomDate cannot be resolved to a type
	CustomDate cannot be resolved to a type
	CustomDate cannot be resolved to a type
	CustomDate cannot be resolved to a type
	CustomDate cannot be resolved to a type
	CustomDate cannot be resolved to a type
	CustomDate cannot be resolved to a type
	CustomDate cannot be resolved to a type
	CustomDate cannot be resolved to a type
	CustomDate cannot be resolved to a type
	CustomDate cannot be resolved to a type
	CustomDate cannot be resolved to a type
	CustomDate cannot be resolved to a type
	CustomDate cannot be resolved to a type
	CustomDate cannot be resolved to a type
	CustomDate cannot be resolved to a type
	CustomDate cannot be resolved to a type
	CustomDate cannot be resolved to a type
	CustomDate cannot be resolved to a type
	CustomDate cannot be resolved to a type
	CustomDate cannot be resolved to a type
	CustomDate cannot be resolved to a type
	CustomDate cannot be resolved to a type
	CustomDate cannot be resolved to a type
	CustomDate cannot be resolved to a type
	CustomDate cannot be resolved to a type
	CustomDate cannot be resolved to a type
	CustomDate cannot be resolved to a type
	CustomDate cannot be resolved to a type
	CustomDate cannot be resolved to a type
	CustomDate cannot be resolved to a type
	CustomDate cannot be resolved to a type
	CustomDate cannot be resolved to a type
	CustomDate cannot be resolved to a type
	CustomDate cannot be resolved to a type
	CustomDate cannot be resolved to a type
	CustomDate cannot be resolved to a type
	CustomDate cannot be resolved to a type
	CustomDate cannot be resolved to a type
	CustomDate cannot be resolved to a type
	CustomDate cannot be resolved to a type
	CustomDate cannot be resolved to a type
	CustomDate cannot be resolved to a type
	CustomDate cannot be resolved to a type
	CustomDate cannot be resolved to a type
	CustomDate cannot be resolved to a type
	CustomDate cannot be resolved to a type
	CustomDate cannot be resolved to a type
	CustomDate cannot be resolved to a type
	CustomDate cannot be resolved to a type
	CustomDate cannot be resolved to a type
	CustomDate cannot be resolved to a type
	CustomDate cannot be resolved to a type
	CustomDate cannot be resolved to a type
	CustomDate cannot be resolved to a type


ISO2.Exe1.CustomDateTest$UtilityMethodsCoverage.testToString  Time elapsed: 0 s  <<< ERROR!
java.lang.Error: 
Unresolved compilation problems: 
	The declared package "iso2.exe1" does not match the expected package "ISO2.Exe1"
	The import iso2 cannot be resolved
	CustomDate cannot be resolved to a type
	CustomDate cannot be resolved to a type
	CustomDate cannot be resolved to a type
	CustomDate cannot be resolved to a type
	CustomDate cannot be resolved to a type
	CustomDate cannot be resolved to a type
	CustomDate cannot be resolved to a type
	CustomDate cannot be resolved to a type
	CustomDate cannot be resolved to a type
	CustomDate cannot be resolved to a type
	CustomDate cannot be resolved to a type
	CustomDate cannot be resolved to a type
	CustomDate cannot be resolved to a type
	CustomDate cannot be resolved to a type
	CustomDate cannot be resolved to a type
	CustomDate cannot be resolved to a type
	CustomDate cannot be resolved to a type
	CustomDate cannot be resolved to a type
	CustomDate cannot be resolved to a type
	CustomDate cannot be resolved to a type
	CustomDate cannot be resolved to a type
	CustomDate cannot be resolved to a type
	CustomDate cannot be resolved to a type
	CustomDate cannot be resolved to a type
	CustomDate cannot be resolved to a type
	CustomDate cannot be resolved to a type
	CustomDate cannot be resolved to a type
	CustomDate cannot be resolved to a type
	CustomDate cannot be resolved to a type
	CustomDate cannot be resolved to a type
	CustomDate cannot be resolved to a type
	CustomDate cannot be resolved to a type
	CustomDate cannot be resolved to a type
	CustomDate cannot be resolved to a type
	CustomDate cannot be resolved to a type
	CustomDate cannot be resolved to a type
	CustomDate cannot be resolved to a type
	CustomDate cannot be resolved to a type
	CustomDate cannot be resolved to a type
	CustomDate cannot be resolved to a type
	CustomDate cannot be resolved to a type
	CustomDate cannot be resolved to a type
	CustomDate cannot be resolved to a type
	CustomDate cannot be resolved to a type
	CustomDate cannot be resolved to a type
	CustomDate cannot be resolved to a type
	CustomDate cannot be resolved to a type
	CustomDate cannot be resolved to a type
	CustomDate cannot be resolved to a type
	CustomDate cannot be resolved to a type
	CustomDate cannot be resolved to a type
	CustomDate cannot be resolved to a type
	CustomDate cannot be resolved to a type
	CustomDate cannot be resolved to a type
	CustomDate cannot be resolved to a type
	CustomDate cannot be resolved to a type
	CustomDate cannot be resolved to a type
	CustomDate cannot be resolved to a type
	CustomDate cannot be resolved to a type
	CustomDate cannot be resolved to a type
	CustomDate cannot be resolved to a type
	CustomDate cannot be resolved to a type
	CustomDate cannot be resolved to a type
	CustomDate cannot be resolved to a type
	CustomDate cannot be resolved to a type
	CustomDate cannot be resolved to a type
	CustomDate cannot be resolved to a type
	CustomDate cannot be resolved to a type
	CustomDate cannot be resolved to a type
	CustomDate cannot be resolved to a type
	CustomDate cannot be resolved to a type
	CustomDate cannot be resolved to a type
	CustomDate cannot be resolved to a type
	CustomDate cannot be resolved to a type
	CustomDate cannot be resolved to a type
	CustomDate cannot be resolved to a type
	CustomDate cannot be resolved to a type
	CustomDate cannot be resolved to a type
	CustomDate cannot be resolved to a type
	CustomDate cannot be resolved to a type
	CustomDate cannot be resolved to a type
	CustomDate cannot be resolved to a type
	CustomDate cannot be resolved to a type


ISO2.Exe1.CustomDateTest$UtilityMethodsCoverage.testGetYear  Time elapsed: 0 s  <<< ERROR!
java.lang.Error: 
Unresolved compilation problems: 
	The declared package "iso2.exe1" does not match the expected package "ISO2.Exe1"
	The import iso2 cannot be resolved
	CustomDate cannot be resolved to a type
	CustomDate cannot be resolved to a type
	CustomDate cannot be resolved to a type
	CustomDate cannot be resolved to a type
	CustomDate cannot be resolved to a type
	CustomDate cannot be resolved to a type
	CustomDate cannot be resolved to a type
	CustomDate cannot be resolved to a type
	CustomDate cannot be resolved to a type
	CustomDate cannot be resolved to a type
	CustomDate cannot be resolved to a type
	CustomDate cannot be resolved to a type
	CustomDate cannot be resolved to a type
	CustomDate cannot be resolved to a type
	CustomDate cannot be resolved to a type
	CustomDate cannot be resolved to a type
	CustomDate cannot be resolved to a type
	CustomDate cannot be resolved to a type
	CustomDate cannot be resolved to a type
	CustomDate cannot be resolved to a type
	CustomDate cannot be resolved to a type
	CustomDate cannot be resolved to a type
	CustomDate cannot be resolved to a type
	CustomDate cannot be resolved to a type
	CustomDate cannot be resolved to a type
	CustomDate cannot be resolved to a type
	CustomDate cannot be resolved to a type
	CustomDate cannot be resolved to a type
	CustomDate cannot be resolved to a type
	CustomDate cannot be resolved to a type
	CustomDate cannot be resolved to a type
	CustomDate cannot be resolved to a type
	CustomDate cannot be resolved to a type
	CustomDate cannot be resolved to a type
	CustomDate cannot be resolved to a type
	CustomDate cannot be resolved to a type
	CustomDate cannot be resolved to a type
	CustomDate cannot be resolved to a type
	CustomDate cannot be resolved to a type
	CustomDate cannot be resolved to a type
	CustomDate cannot be resolved to a type
	CustomDate cannot be resolved to a type
	CustomDate cannot be resolved to a type
	CustomDate cannot be resolved to a type
	CustomDate cannot be resolved to a type
	CustomDate cannot be resolved to a type
	CustomDate cannot be resolved to a type
	CustomDate cannot be resolved to a type
	CustomDate cannot be resolved to a type
	CustomDate cannot be resolved to a type
	CustomDate cannot be resolved to a type
	CustomDate cannot be resolved to a type
	CustomDate cannot be resolved to a type
	CustomDate cannot be resolved to a type
	CustomDate cannot be resolved to a type
	CustomDate cannot be resolved to a type
	CustomDate cannot be resolved to a type
	CustomDate cannot be resolved to a type
	CustomDate cannot be resolved to a type
	CustomDate cannot be resolved to a type
	CustomDate cannot be resolved to a type
	CustomDate cannot be resolved to a type
	CustomDate cannot be resolved to a type
	CustomDate cannot be resolved to a type
	CustomDate cannot be resolved to a type
	CustomDate cannot be resolved to a type
	CustomDate cannot be resolved to a type
	CustomDate cannot be resolved to a type
	CustomDate cannot be resolved to a type
	CustomDate cannot be resolved to a type
	CustomDate cannot be resolved to a type
	CustomDate cannot be resolved to a type
	CustomDate cannot be resolved to a type
	CustomDate cannot be resolved to a type
	CustomDate cannot be resolved to a type
	CustomDate cannot be resolved to a type
	CustomDate cannot be resolved to a type
	CustomDate cannot be resolved to a type
	CustomDate cannot be resolved to a type
	CustomDate cannot be resolved to a type
	CustomDate cannot be resolved to a type
	CustomDate cannot be resolved to a type
	CustomDate cannot be resolved to a type


ISO2.Exe1.CustomDateTest$UtilityMethodsCoverage.testToStringWithPadding  Time elapsed: 0 s  <<< ERROR!
java.lang.Error: 
Unresolved compilation problems: 
	The declared package "iso2.exe1" does not match the expected package "ISO2.Exe1"
	The import iso2 cannot be resolved
	CustomDate cannot be resolved to a type
	CustomDate cannot be resolved to a type
	CustomDate cannot be resolved to a type
	CustomDate cannot be resolved to a type
	CustomDate cannot be resolved to a type
	CustomDate cannot be resolved to a type
	CustomDate cannot be resolved to a type
	CustomDate cannot be resolved to a type
	CustomDate cannot be resolved to a type
	CustomDate cannot be resolved to a type
	CustomDate cannot be resolved to a type
	CustomDate cannot be resolved to a type
	CustomDate cannot be resolved to a type
	CustomDate cannot be resolved to a type
	CustomDate cannot be resolved to a type
	CustomDate cannot be resolved to a type
	CustomDate cannot be resolved to a type
	CustomDate cannot be resolved to a type
	CustomDate cannot be resolved to a type
	CustomDate cannot be resolved to a type
	CustomDate cannot be resolved to a type
	CustomDate cannot be resolved to a type
	CustomDate cannot be resolved to a type
	CustomDate cannot be resolved to a type
	CustomDate cannot be resolved to a type
	CustomDate cannot be resolved to a type
	CustomDate cannot be resolved to a type
	CustomDate cannot be resolved to a type
	CustomDate cannot be resolved to a type
	CustomDate cannot be resolved to a type
	CustomDate cannot be resolved to a type
	CustomDate cannot be resolved to a type
	CustomDate cannot be resolved to a type
	CustomDate cannot be resolved to a type
	CustomDate cannot be resolved to a type
	CustomDate cannot be resolved to a type
	CustomDate cannot be resolved to a type
	CustomDate cannot be resolved to a type
	CustomDate cannot be resolved to a type
	CustomDate cannot be resolved to a type
	CustomDate cannot be resolved to a type
	CustomDate cannot be resolved to a type
	CustomDate cannot be resolved to a type
	CustomDate cannot be resolved to a type
	CustomDate cannot be resolved to a type
	CustomDate cannot be resolved to a type
	CustomDate cannot be resolved to a type
	CustomDate cannot be resolved to a type
	CustomDate cannot be resolved to a type
	CustomDate cannot be resolved to a type
	CustomDate cannot be resolved to a type
	CustomDate cannot be resolved to a type
	CustomDate cannot be resolved to a type
	CustomDate cannot be resolved to a type
	CustomDate cannot be resolved to a type
	CustomDate cannot be resolved to a type
	CustomDate cannot be resolved to a type
	CustomDate cannot be resolved to a type
	CustomDate cannot be resolved to a type
	CustomDate cannot be resolved to a type
	CustomDate cannot be resolved to a type
	CustomDate cannot be resolved to a type
	CustomDate cannot be resolved to a type
	CustomDate cannot be resolved to a type
	CustomDate cannot be resolved to a type
	CustomDate cannot be resolved to a type
	CustomDate cannot be resolved to a type
	CustomDate cannot be resolved to a type
	CustomDate cannot be resolved to a type
	CustomDate cannot be resolved to a type
	CustomDate cannot be resolved to a type
	CustomDate cannot be resolved to a type
	CustomDate cannot be resolved to a type
	CustomDate cannot be resolved to a type
	CustomDate cannot be resolved to a type
	CustomDate cannot be resolved to a type
	CustomDate cannot be resolved to a type
	CustomDate cannot be resolved to a type
	CustomDate cannot be resolved to a type
	CustomDate cannot be resolved to a type
	CustomDate cannot be resolved to a type
	CustomDate cannot be resolved to a type
	CustomDate cannot be resolved to a type


ISO2.Exe1.CustomDateTest$UtilityMethodsCoverage.testGetDay  Time elapsed: 0 s  <<< ERROR!
java.lang.Error: 
Unresolved compilation problems: 
	The declared package "iso2.exe1" does not match the expected package "ISO2.Exe1"
	The import iso2 cannot be resolved
	CustomDate cannot be resolved to a type
	CustomDate cannot be resolved to a type
	CustomDate cannot be resolved to a type
	CustomDate cannot be resolved to a type
	CustomDate cannot be resolved to a type
	CustomDate cannot be resolved to a type
	CustomDate cannot be resolved to a type
	CustomDate cannot be resolved to a type
	CustomDate cannot be resolved to a type
	CustomDate cannot be resolved to a type
	CustomDate cannot be resolved to a type
	CustomDate cannot be resolved to a type
	CustomDate cannot be resolved to a type
	CustomDate cannot be resolved to a type
	CustomDate cannot be resolved to a type
	CustomDate cannot be resolved to a type
	CustomDate cannot be resolved to a type
	CustomDate cannot be resolved to a type
	CustomDate cannot be resolved to a type
	CustomDate cannot be resolved to a type
	CustomDate cannot be resolved to a type
	CustomDate cannot be resolved to a type
	CustomDate cannot be resolved to a type
	CustomDate cannot be resolved to a type
	CustomDate cannot be resolved to a type
	CustomDate cannot be resolved to a type
	CustomDate cannot be resolved to a type
	CustomDate cannot be resolved to a type
	CustomDate cannot be resolved to a type
	CustomDate cannot be resolved to a type
	CustomDate cannot be resolved to a type
	CustomDate cannot be resolved to a type
	CustomDate cannot be resolved to a type
	CustomDate cannot be resolved to a type
	CustomDate cannot be resolved to a type
	CustomDate cannot be resolved to a type
	CustomDate cannot be resolved to a type
	CustomDate cannot be resolved to a type
	CustomDate cannot be resolved to a type
	CustomDate cannot be resolved to a type
	CustomDate cannot be resolved to a type
	CustomDate cannot be resolved to a type
	CustomDate cannot be resolved to a type
	CustomDate cannot be resolved to a type
	CustomDate cannot be resolved to a type
	CustomDate cannot be resolved to a type
	CustomDate cannot be resolved to a type
	CustomDate cannot be resolved to a type
	CustomDate cannot be resolved to a type
	CustomDate cannot be resolved to a type
	CustomDate cannot be resolved to a type
	CustomDate cannot be resolved to a type
	CustomDate cannot be resolved to a type
	CustomDate cannot be resolved to a type
	CustomDate cannot be resolved to a type
	CustomDate cannot be resolved to a type
	CustomDate cannot be resolved to a type
	CustomDate cannot be resolved to a type
	CustomDate cannot be resolved to a type
	CustomDate cannot be resolved to a type
	CustomDate cannot be resolved to a type
	CustomDate cannot be resolved to a type
	CustomDate cannot be resolved to a type
	CustomDate cannot be resolved to a type
	CustomDate cannot be resolved to a type
	CustomDate cannot be resolved to a type
	CustomDate cannot be resolved to a type
	CustomDate cannot be resolved to a type
	CustomDate cannot be resolved to a type
	CustomDate cannot be resolved to a type
	CustomDate cannot be resolved to a type
	CustomDate cannot be resolved to a type
	CustomDate cannot be resolved to a type
	CustomDate cannot be resolved to a type
	CustomDate cannot be resolved to a type
	CustomDate cannot be resolved to a type
	CustomDate cannot be resolved to a type
	CustomDate cannot be resolved to a type
	CustomDate cannot be resolved to a type
	CustomDate cannot be resolved to a type
	CustomDate cannot be resolved to a type
	CustomDate cannot be resolved to a type
	CustomDate cannot be resolved to a type


