-------------------------------------------------------------------------------
Test set: ISO2.Exe1.AppTest$ExceptionHandlingTests
-------------------------------------------------------------------------------
Tests run: 9, Failures: 0, Errors: 9, Skipped: 0, Time elapsed: 0.009 s <<< FAILURE! - in ISO2.Exe1.AppTest$ExceptionHandlingTests
ISO2.Exe1.AppTest$ExceptionHandlingTests.testNegativeDay  Time elapsed: 0 s  <<< ERROR!
java.lang.Error: 
Unresolved compilation problem: 
	The declared package "iso2.exe1" does not match the expected package "ISO2.Exe1"


ISO2.Exe1.AppTest$ExceptionHandlingTests.testInvalidMonth13  Time elapsed: 0 s  <<< ERROR!
java.lang.Error: 
Unresolved compilation problem: 
	The declared package "iso2.exe1" does not match the expected package "ISO2.Exe1"


ISO2.Exe1.AppTest$ExceptionHandlingTests.testInvalidDayZero  Time elapsed: 0 s  <<< ERROR!
java.lang.Error: 
Unresolved compilation problem: 
	The declared package "iso2.exe1" does not match the expected package "ISO2.Exe1"


ISO2.Exe1.AppTest$ExceptionHandlingTests.testYearZeroIsValid  Time elapsed: 0 s  <<< ERROR!
java.lang.Error: 
Unresolved compilation problem: 
	The declared package "iso2.exe1" does not match the expected package "ISO2.Exe1"


ISO2.Exe1.AppTest$ExceptionHandlingTests.testInvalidYearNegative  Time elapsed: 0 s  <<< ERROR!
java.lang.Error: 
Unresolved compilation problem: 
	The declared package "iso2.exe1" does not match the expected package "ISO2.Exe1"


ISO2.Exe1.AppTest$ExceptionHandlingTests.testMaxDay31  Time elapsed: 0 s  <<< ERROR!
java.lang.Error: 
Unresolved compilation problem: 
	The declared package "iso2.exe1" does not match the expected package "ISO2.Exe1"


ISO2.Exe1.AppTest$ExceptionHandlingTests.testInvalidMonthZero  Time elapsed: 0 s  <<< ERROR!
java.lang.Error: 
Unresolved compilation problem: 
	The declared package "iso2.exe1" does not match the expected package "ISO2.Exe1"


ISO2.Exe1.AppTest$ExceptionHandlingTests.testNegativeMonth  Time elapsed: 0 s  <<< ERROR!
java.lang.Error: 
Unresolved compilation problem: 
	The declared package "iso2.exe1" does not match the expected package "ISO2.Exe1"


ISO2.Exe1.AppTest$ExceptionHandlingTests.testInvalidDay32  Time elapsed: 0 s  <<< ERROR!
java.lang.Error: 
Unresolved compilation problem: 
	The declared package "iso2.exe1" does not match the expected package "ISO2.Exe1"


