-------------------------------------------------------------------------------
Test set: ISO2.Exe1.AppTest$DecisionCoverageTests
-------------------------------------------------------------------------------
Tests run: 8, Failures: 0, Errors: 8, Skipped: 0, Time elapsed: 0.004 s <<< FAILURE! - in ISO2.Exe1.AppTest$DecisionCoverageTests
ISO2.Exe1.AppTest$DecisionCoverageTests.testSwitchDefault0  Time elapsed: 0 s  <<< ERROR!
java.lang.Error: 
Unresolved compilation problem: 
	The declared package "iso2.exe1" does not match the expected package "ISO2.Exe1"


ISO2.Exe1.AppTest$DecisionCoverageTests.testSwitchDefault3  Time elapsed: 0 s  <<< ERROR!
java.lang.Error: 
Unresolved compilation problem: 
	The declared package "iso2.exe1" does not match the expected package "ISO2.Exe1"


ISO2.Exe1.AppTest$DecisionCoverageTests.testIsLeapYearTrue  Time elapsed: 0 s  <<< ERROR!
java.lang.Error: 
Unresolved compilation problem: 
	The declared package "iso2.exe1" does not match the expected package "ISO2.Exe1"


ISO2.Exe1.AppTest$DecisionCoverageTests.testIsLeapYearFalse  Time elapsed: 0 s  <<< ERROR!
java.lang.Error: 
Unresolved compilation problem: 
	The declared package "iso2.exe1" does not match the expected package "ISO2.Exe1"


ISO2.Exe1.AppTest$DecisionCoverageTests.testSwitchDefaultNegative  Time elapsed: 0 s  <<< ERROR!
java.lang.Error: 
Unresolved compilation problem: 
	The declared package "iso2.exe1" does not match the expected package "ISO2.Exe1"


ISO2.Exe1.AppTest$DecisionCoverageTests.testCatchIllegalArgumentException  Time elapsed: 0 s  <<< ERROR!
java.lang.Error: 
Unresolved compilation problem: 
	The declared package "iso2.exe1" does not match the expected package "ISO2.Exe1"


ISO2.Exe1.AppTest$DecisionCoverageTests.testSwitchCase1  Time elapsed: 0 s  <<< ERROR!
java.lang.Error: 
Unresolved compilation problem: 
	The declared package "iso2.exe1" does not match the expected package "ISO2.Exe1"


ISO2.Exe1.AppTest$DecisionCoverageTests.testSwitchCase2  Time elapsed: 0 s  <<< ERROR!
java.lang.Error: 
Unresolved compilation problem: 
	The declared package "iso2.exe1" does not match the expected package "ISO2.Exe1"


