-------------------------------------------------------------------------------
Test set: ISO2.Exe1.CustomDateTest$DecisionCoverage$MonthDecision
-------------------------------------------------------------------------------
Tests run: 3, Failures: 0, Errors: 3, Skipped: 0, Time elapsed: 0.003 s <<< FAILURE! - in ISO2.Exe1.CustomDateTest$DecisionCoverage$MonthDecision
ISO2.Exe1.CustomDateTest$DecisionCoverage$MonthDecision.testMonthDecisionTrueViaHigh  Time elapsed: 0 s  <<< ERROR!
java.lang.Error: 
Unresolved compilation problems: 
	The declared package "iso2.exe1" does not match the expected package "ISO2.Exe1"
	The import iso2 cannot be resolved
	CustomDate cannot be resolved to a type
	CustomDate cannot be resolved to a type
	CustomDate cannot be resolved to a type
	CustomDate cannot be resolved to a type
	CustomDate cannot be resolved to a type
	CustomDate cannot be resolved to a type
	CustomDate cannot be resolved to a type
	CustomDate cannot be resolved to a type
	CustomDate cannot be resolved to a type
	CustomDate cannot be resolved to a type
	CustomDate cannot be resolved to a type
	CustomDate cannot be resolved to a type
	CustomDate cannot be resolved to a type
	CustomDate cannot be resolved to a type
	CustomDate cannot be resolved to a type
	CustomDate cannot be resolved to a type
	CustomDate cannot be resolved to a type
	CustomDate cannot be resolved to a type
	CustomDate cannot be resolved to a type
	CustomDate cannot be resolved to a type
	CustomDate cannot be resolved to a type
	CustomDate cannot be resolved to a type
	CustomDate cannot be resolved to a type
	CustomDate cannot be resolved to a type
	CustomDate cannot be resolved to a type
	CustomDate cannot be resolved to a type
	CustomDate cannot be resolved to a type
	CustomDate cannot be resolved to a type
	CustomDate cannot be resolved to a type
	CustomDate cannot be resolved to a type
	CustomDate cannot be resolved to a type
	CustomDate cannot be resolved to a type
	CustomDate cannot be resolved to a type
	CustomDate cannot be resolved to a type
	CustomDate cannot be resolved to a type
	CustomDate cannot be resolved to a type
	CustomDate cannot be resolved to a type
	CustomDate cannot be resolved to a type
	CustomDate cannot be resolved to a type
	CustomDate cannot be resolved to a type
	CustomDate cannot be resolved to a type
	CustomDate cannot be resolved to a type
	CustomDate cannot be resolved to a type
	CustomDate cannot be resolved to a type
	CustomDate cannot be resolved to a type
	CustomDate cannot be resolved to a type
	CustomDate cannot be resolved to a type
	CustomDate cannot be resolved to a type
	CustomDate cannot be resolved to a type
	CustomDate cannot be resolved to a type
	CustomDate cannot be resolved to a type
	CustomDate cannot be resolved to a type
	CustomDate cannot be resolved to a type
	CustomDate cannot be resolved to a type
	CustomDate cannot be resolved to a type
	CustomDate cannot be resolved to a type
	CustomDate cannot be resolved to a type
	CustomDate cannot be resolved to a type
	CustomDate cannot be resolved to a type
	CustomDate cannot be resolved to a type
	CustomDate cannot be resolved to a type
	CustomDate cannot be resolved to a type
	CustomDate cannot be resolved to a type
	CustomDate cannot be resolved to a type
	CustomDate cannot be resolved to a type
	CustomDate cannot be resolved to a type
	CustomDate cannot be resolved to a type
	CustomDate cannot be resolved to a type
	CustomDate cannot be resolved to a type
	CustomDate cannot be resolved to a type
	CustomDate cannot be resolved to a type
	CustomDate cannot be resolved to a type
	CustomDate cannot be resolved to a type
	CustomDate cannot be resolved to a type
	CustomDate cannot be resolved to a type
	CustomDate cannot be resolved to a type
	CustomDate cannot be resolved to a type
	CustomDate cannot be resolved to a type
	CustomDate cannot be resolved to a type
	CustomDate cannot be resolved to a type
	CustomDate cannot be resolved to a type
	CustomDate cannot be resolved to a type
	CustomDate cannot be resolved to a type


ISO2.Exe1.CustomDateTest$DecisionCoverage$MonthDecision.testMonthDecisionTrueViaLow  Time elapsed: 0 s  <<< ERROR!
java.lang.Error: 
Unresolved compilation problems: 
	The declared package "iso2.exe1" does not match the expected package "ISO2.Exe1"
	The import iso2 cannot be resolved
	CustomDate cannot be resolved to a type
	CustomDate cannot be resolved to a type
	CustomDate cannot be resolved to a type
	CustomDate cannot be resolved to a type
	CustomDate cannot be resolved to a type
	CustomDate cannot be resolved to a type
	CustomDate cannot be resolved to a type
	CustomDate cannot be resolved to a type
	CustomDate cannot be resolved to a type
	CustomDate cannot be resolved to a type
	CustomDate cannot be resolved to a type
	CustomDate cannot be resolved to a type
	CustomDate cannot be resolved to a type
	CustomDate cannot be resolved to a type
	CustomDate cannot be resolved to a type
	CustomDate cannot be resolved to a type
	CustomDate cannot be resolved to a type
	CustomDate cannot be resolved to a type
	CustomDate cannot be resolved to a type
	CustomDate cannot be resolved to a type
	CustomDate cannot be resolved to a type
	CustomDate cannot be resolved to a type
	CustomDate cannot be resolved to a type
	CustomDate cannot be resolved to a type
	CustomDate cannot be resolved to a type
	CustomDate cannot be resolved to a type
	CustomDate cannot be resolved to a type
	CustomDate cannot be resolved to a type
	CustomDate cannot be resolved to a type
	CustomDate cannot be resolved to a type
	CustomDate cannot be resolved to a type
	CustomDate cannot be resolved to a type
	CustomDate cannot be resolved to a type
	CustomDate cannot be resolved to a type
	CustomDate cannot be resolved to a type
	CustomDate cannot be resolved to a type
	CustomDate cannot be resolved to a type
	CustomDate cannot be resolved to a type
	CustomDate cannot be resolved to a type
	CustomDate cannot be resolved to a type
	CustomDate cannot be resolved to a type
	CustomDate cannot be resolved to a type
	CustomDate cannot be resolved to a type
	CustomDate cannot be resolved to a type
	CustomDate cannot be resolved to a type
	CustomDate cannot be resolved to a type
	CustomDate cannot be resolved to a type
	CustomDate cannot be resolved to a type
	CustomDate cannot be resolved to a type
	CustomDate cannot be resolved to a type
	CustomDate cannot be resolved to a type
	CustomDate cannot be resolved to a type
	CustomDate cannot be resolved to a type
	CustomDate cannot be resolved to a type
	CustomDate cannot be resolved to a type
	CustomDate cannot be resolved to a type
	CustomDate cannot be resolved to a type
	CustomDate cannot be resolved to a type
	CustomDate cannot be resolved to a type
	CustomDate cannot be resolved to a type
	CustomDate cannot be resolved to a type
	CustomDate cannot be resolved to a type
	CustomDate cannot be resolved to a type
	CustomDate cannot be resolved to a type
	CustomDate cannot be resolved to a type
	CustomDate cannot be resolved to a type
	CustomDate cannot be resolved to a type
	CustomDate cannot be resolved to a type
	CustomDate cannot be resolved to a type
	CustomDate cannot be resolved to a type
	CustomDate cannot be resolved to a type
	CustomDate cannot be resolved to a type
	CustomDate cannot be resolved to a type
	CustomDate cannot be resolved to a type
	CustomDate cannot be resolved to a type
	CustomDate cannot be resolved to a type
	CustomDate cannot be resolved to a type
	CustomDate cannot be resolved to a type
	CustomDate cannot be resolved to a type
	CustomDate cannot be resolved to a type
	CustomDate cannot be resolved to a type
	CustomDate cannot be resolved to a type
	CustomDate cannot be resolved to a type


ISO2.Exe1.CustomDateTest$DecisionCoverage$MonthDecision.testMonthDecisionFalse  Time elapsed: 0 s  <<< ERROR!
java.lang.Error: 
Unresolved compilation problems: 
	The declared package "iso2.exe1" does not match the expected package "ISO2.Exe1"
	The import iso2 cannot be resolved
	CustomDate cannot be resolved to a type
	CustomDate cannot be resolved to a type
	CustomDate cannot be resolved to a type
	CustomDate cannot be resolved to a type
	CustomDate cannot be resolved to a type
	CustomDate cannot be resolved to a type
	CustomDate cannot be resolved to a type
	CustomDate cannot be resolved to a type
	CustomDate cannot be resolved to a type
	CustomDate cannot be resolved to a type
	CustomDate cannot be resolved to a type
	CustomDate cannot be resolved to a type
	CustomDate cannot be resolved to a type
	CustomDate cannot be resolved to a type
	CustomDate cannot be resolved to a type
	CustomDate cannot be resolved to a type
	CustomDate cannot be resolved to a type
	CustomDate cannot be resolved to a type
	CustomDate cannot be resolved to a type
	CustomDate cannot be resolved to a type
	CustomDate cannot be resolved to a type
	CustomDate cannot be resolved to a type
	CustomDate cannot be resolved to a type
	CustomDate cannot be resolved to a type
	CustomDate cannot be resolved to a type
	CustomDate cannot be resolved to a type
	CustomDate cannot be resolved to a type
	CustomDate cannot be resolved to a type
	CustomDate cannot be resolved to a type
	CustomDate cannot be resolved to a type
	CustomDate cannot be resolved to a type
	CustomDate cannot be resolved to a type
	CustomDate cannot be resolved to a type
	CustomDate cannot be resolved to a type
	CustomDate cannot be resolved to a type
	CustomDate cannot be resolved to a type
	CustomDate cannot be resolved to a type
	CustomDate cannot be resolved to a type
	CustomDate cannot be resolved to a type
	CustomDate cannot be resolved to a type
	CustomDate cannot be resolved to a type
	CustomDate cannot be resolved to a type
	CustomDate cannot be resolved to a type
	CustomDate cannot be resolved to a type
	CustomDate cannot be resolved to a type
	CustomDate cannot be resolved to a type
	CustomDate cannot be resolved to a type
	CustomDate cannot be resolved to a type
	CustomDate cannot be resolved to a type
	CustomDate cannot be resolved to a type
	CustomDate cannot be resolved to a type
	CustomDate cannot be resolved to a type
	CustomDate cannot be resolved to a type
	CustomDate cannot be resolved to a type
	CustomDate cannot be resolved to a type
	CustomDate cannot be resolved to a type
	CustomDate cannot be resolved to a type
	CustomDate cannot be resolved to a type
	CustomDate cannot be resolved to a type
	CustomDate cannot be resolved to a type
	CustomDate cannot be resolved to a type
	CustomDate cannot be resolved to a type
	CustomDate cannot be resolved to a type
	CustomDate cannot be resolved to a type
	CustomDate cannot be resolved to a type
	CustomDate cannot be resolved to a type
	CustomDate cannot be resolved to a type
	CustomDate cannot be resolved to a type
	CustomDate cannot be resolved to a type
	CustomDate cannot be resolved to a type
	CustomDate cannot be resolved to a type
	CustomDate cannot be resolved to a type
	CustomDate cannot be resolved to a type
	CustomDate cannot be resolved to a type
	CustomDate cannot be resolved to a type
	CustomDate cannot be resolved to a type
	CustomDate cannot be resolved to a type
	CustomDate cannot be resolved to a type
	CustomDate cannot be resolved to a type
	CustomDate cannot be resolved to a type
	CustomDate cannot be resolved to a type
	CustomDate cannot be resolved to a type
	CustomDate cannot be resolved to a type


