-------------------------------------------------------------------------------
Test set: ISO2.Exe1.CustomDateTest$EachUseCoverage
-------------------------------------------------------------------------------
Tests run: 11, Failures: 0, Errors: 11, Skipped: 0, Time elapsed: 0.009 s <<< FAILURE! - in ISO2.Exe1.CustomDateTest$EachUseCoverage
ISO2.Exe1.CustomDateTest$EachUseCoverage.testCase2_Valid  Time elapsed: 0.001 s  <<< ERROR!
java.lang.Error: 
Unresolved compilation problems: 
	The declared package "iso2.exe1" does not match the expected package "ISO2.Exe1"
	The import iso2 cannot be resolved
	CustomDate cannot be resolved to a type
	CustomDate cannot be resolved to a type
	CustomDate cannot be resolved to a type
	CustomDate cannot be resolved to a type
	CustomDate cannot be resolved to a type
	CustomDate cannot be resolved to a type
	CustomDate cannot be resolved to a type
	CustomDate cannot be resolved to a type
	CustomDate cannot be resolved to a type
	CustomDate cannot be resolved to a type
	CustomDate cannot be resolved to a type
	CustomDate cannot be resolved to a type
	CustomDate cannot be resolved to a type
	CustomDate cannot be resolved to a type
	CustomDate cannot be resolved to a type
	CustomDate cannot be resolved to a type
	CustomDate cannot be resolved to a type
	CustomDate cannot be resolved to a type
	CustomDate cannot be resolved to a type
	CustomDate cannot be resolved to a type
	CustomDate cannot be resolved to a type
	CustomDate cannot be resolved to a type
	CustomDate cannot be resolved to a type
	CustomDate cannot be resolved to a type
	CustomDate cannot be resolved to a type
	CustomDate cannot be resolved to a type
	CustomDate cannot be resolved to a type
	CustomDate cannot be resolved to a type
	CustomDate cannot be resolved to a type
	CustomDate cannot be resolved to a type
	CustomDate cannot be resolved to a type
	CustomDate cannot be resolved to a type
	CustomDate cannot be resolved to a type
	CustomDate cannot be resolved to a type
	CustomDate cannot be resolved to a type
	CustomDate cannot be resolved to a type
	CustomDate cannot be resolved to a type
	CustomDate cannot be resolved to a type
	CustomDate cannot be resolved to a type
	CustomDate cannot be resolved to a type
	CustomDate cannot be resolved to a type
	CustomDate cannot be resolved to a type
	CustomDate cannot be resolved to a type
	CustomDate cannot be resolved to a type
	CustomDate cannot be resolved to a type
	CustomDate cannot be resolved to a type
	CustomDate cannot be resolved to a type
	CustomDate cannot be resolved to a type
	CustomDate cannot be resolved to a type
	CustomDate cannot be resolved to a type
	CustomDate cannot be resolved to a type
	CustomDate cannot be resolved to a type
	CustomDate cannot be resolved to a type
	CustomDate cannot be resolved to a type
	CustomDate cannot be resolved to a type
	CustomDate cannot be resolved to a type
	CustomDate cannot be resolved to a type
	CustomDate cannot be resolved to a type
	CustomDate cannot be resolved to a type
	CustomDate cannot be resolved to a type
	CustomDate cannot be resolved to a type
	CustomDate cannot be resolved to a type
	CustomDate cannot be resolved to a type
	CustomDate cannot be resolved to a type
	CustomDate cannot be resolved to a type
	CustomDate cannot be resolved to a type
	CustomDate cannot be resolved to a type
	CustomDate cannot be resolved to a type
	CustomDate cannot be resolved to a type
	CustomDate cannot be resolved to a type
	CustomDate cannot be resolved to a type
	CustomDate cannot be resolved to a type
	CustomDate cannot be resolved to a type
	CustomDate cannot be resolved to a type
	CustomDate cannot be resolved to a type
	CustomDate cannot be resolved to a type
	CustomDate cannot be resolved to a type
	CustomDate cannot be resolved to a type
	CustomDate cannot be resolved to a type
	CustomDate cannot be resolved to a type
	CustomDate cannot be resolved to a type
	CustomDate cannot be resolved to a type
	CustomDate cannot be resolved to a type


ISO2.Exe1.CustomDateTest$EachUseCoverage.testCase10_BoundaryDay31  Time elapsed: 0.001 s  <<< ERROR!
java.lang.Error: 
Unresolved compilation problems: 
	The declared package "iso2.exe1" does not match the expected package "ISO2.Exe1"
	The import iso2 cannot be resolved
	CustomDate cannot be resolved to a type
	CustomDate cannot be resolved to a type
	CustomDate cannot be resolved to a type
	CustomDate cannot be resolved to a type
	CustomDate cannot be resolved to a type
	CustomDate cannot be resolved to a type
	CustomDate cannot be resolved to a type
	CustomDate cannot be resolved to a type
	CustomDate cannot be resolved to a type
	CustomDate cannot be resolved to a type
	CustomDate cannot be resolved to a type
	CustomDate cannot be resolved to a type
	CustomDate cannot be resolved to a type
	CustomDate cannot be resolved to a type
	CustomDate cannot be resolved to a type
	CustomDate cannot be resolved to a type
	CustomDate cannot be resolved to a type
	CustomDate cannot be resolved to a type
	CustomDate cannot be resolved to a type
	CustomDate cannot be resolved to a type
	CustomDate cannot be resolved to a type
	CustomDate cannot be resolved to a type
	CustomDate cannot be resolved to a type
	CustomDate cannot be resolved to a type
	CustomDate cannot be resolved to a type
	CustomDate cannot be resolved to a type
	CustomDate cannot be resolved to a type
	CustomDate cannot be resolved to a type
	CustomDate cannot be resolved to a type
	CustomDate cannot be resolved to a type
	CustomDate cannot be resolved to a type
	CustomDate cannot be resolved to a type
	CustomDate cannot be resolved to a type
	CustomDate cannot be resolved to a type
	CustomDate cannot be resolved to a type
	CustomDate cannot be resolved to a type
	CustomDate cannot be resolved to a type
	CustomDate cannot be resolved to a type
	CustomDate cannot be resolved to a type
	CustomDate cannot be resolved to a type
	CustomDate cannot be resolved to a type
	CustomDate cannot be resolved to a type
	CustomDate cannot be resolved to a type
	CustomDate cannot be resolved to a type
	CustomDate cannot be resolved to a type
	CustomDate cannot be resolved to a type
	CustomDate cannot be resolved to a type
	CustomDate cannot be resolved to a type
	CustomDate cannot be resolved to a type
	CustomDate cannot be resolved to a type
	CustomDate cannot be resolved to a type
	CustomDate cannot be resolved to a type
	CustomDate cannot be resolved to a type
	CustomDate cannot be resolved to a type
	CustomDate cannot be resolved to a type
	CustomDate cannot be resolved to a type
	CustomDate cannot be resolved to a type
	CustomDate cannot be resolved to a type
	CustomDate cannot be resolved to a type
	CustomDate cannot be resolved to a type
	CustomDate cannot be resolved to a type
	CustomDate cannot be resolved to a type
	CustomDate cannot be resolved to a type
	CustomDate cannot be resolved to a type
	CustomDate cannot be resolved to a type
	CustomDate cannot be resolved to a type
	CustomDate cannot be resolved to a type
	CustomDate cannot be resolved to a type
	CustomDate cannot be resolved to a type
	CustomDate cannot be resolved to a type
	CustomDate cannot be resolved to a type
	CustomDate cannot be resolved to a type
	CustomDate cannot be resolved to a type
	CustomDate cannot be resolved to a type
	CustomDate cannot be resolved to a type
	CustomDate cannot be resolved to a type
	CustomDate cannot be resolved to a type
	CustomDate cannot be resolved to a type
	CustomDate cannot be resolved to a type
	CustomDate cannot be resolved to a type
	CustomDate cannot be resolved to a type
	CustomDate cannot be resolved to a type
	CustomDate cannot be resolved to a type


ISO2.Exe1.CustomDateTest$EachUseCoverage.testCase5_MaxIntYear  Time elapsed: 0 s  <<< ERROR!
java.lang.Error: 
Unresolved compilation problems: 
	The declared package "iso2.exe1" does not match the expected package "ISO2.Exe1"
	The import iso2 cannot be resolved
	CustomDate cannot be resolved to a type
	CustomDate cannot be resolved to a type
	CustomDate cannot be resolved to a type
	CustomDate cannot be resolved to a type
	CustomDate cannot be resolved to a type
	CustomDate cannot be resolved to a type
	CustomDate cannot be resolved to a type
	CustomDate cannot be resolved to a type
	CustomDate cannot be resolved to a type
	CustomDate cannot be resolved to a type
	CustomDate cannot be resolved to a type
	CustomDate cannot be resolved to a type
	CustomDate cannot be resolved to a type
	CustomDate cannot be resolved to a type
	CustomDate cannot be resolved to a type
	CustomDate cannot be resolved to a type
	CustomDate cannot be resolved to a type
	CustomDate cannot be resolved to a type
	CustomDate cannot be resolved to a type
	CustomDate cannot be resolved to a type
	CustomDate cannot be resolved to a type
	CustomDate cannot be resolved to a type
	CustomDate cannot be resolved to a type
	CustomDate cannot be resolved to a type
	CustomDate cannot be resolved to a type
	CustomDate cannot be resolved to a type
	CustomDate cannot be resolved to a type
	CustomDate cannot be resolved to a type
	CustomDate cannot be resolved to a type
	CustomDate cannot be resolved to a type
	CustomDate cannot be resolved to a type
	CustomDate cannot be resolved to a type
	CustomDate cannot be resolved to a type
	CustomDate cannot be resolved to a type
	CustomDate cannot be resolved to a type
	CustomDate cannot be resolved to a type
	CustomDate cannot be resolved to a type
	CustomDate cannot be resolved to a type
	CustomDate cannot be resolved to a type
	CustomDate cannot be resolved to a type
	CustomDate cannot be resolved to a type
	CustomDate cannot be resolved to a type
	CustomDate cannot be resolved to a type
	CustomDate cannot be resolved to a type
	CustomDate cannot be resolved to a type
	CustomDate cannot be resolved to a type
	CustomDate cannot be resolved to a type
	CustomDate cannot be resolved to a type
	CustomDate cannot be resolved to a type
	CustomDate cannot be resolved to a type
	CustomDate cannot be resolved to a type
	CustomDate cannot be resolved to a type
	CustomDate cannot be resolved to a type
	CustomDate cannot be resolved to a type
	CustomDate cannot be resolved to a type
	CustomDate cannot be resolved to a type
	CustomDate cannot be resolved to a type
	CustomDate cannot be resolved to a type
	CustomDate cannot be resolved to a type
	CustomDate cannot be resolved to a type
	CustomDate cannot be resolved to a type
	CustomDate cannot be resolved to a type
	CustomDate cannot be resolved to a type
	CustomDate cannot be resolved to a type
	CustomDate cannot be resolved to a type
	CustomDate cannot be resolved to a type
	CustomDate cannot be resolved to a type
	CustomDate cannot be resolved to a type
	CustomDate cannot be resolved to a type
	CustomDate cannot be resolved to a type
	CustomDate cannot be resolved to a type
	CustomDate cannot be resolved to a type
	CustomDate cannot be resolved to a type
	CustomDate cannot be resolved to a type
	CustomDate cannot be resolved to a type
	CustomDate cannot be resolved to a type
	CustomDate cannot be resolved to a type
	CustomDate cannot be resolved to a type
	CustomDate cannot be resolved to a type
	CustomDate cannot be resolved to a type
	CustomDate cannot be resolved to a type
	CustomDate cannot be resolved to a type
	CustomDate cannot be resolved to a type


ISO2.Exe1.CustomDateTest$EachUseCoverage.testCase11_BoundaryMonth12  Time elapsed: 0 s  <<< ERROR!
java.lang.Error: 
Unresolved compilation problems: 
	The declared package "iso2.exe1" does not match the expected package "ISO2.Exe1"
	The import iso2 cannot be resolved
	CustomDate cannot be resolved to a type
	CustomDate cannot be resolved to a type
	CustomDate cannot be resolved to a type
	CustomDate cannot be resolved to a type
	CustomDate cannot be resolved to a type
	CustomDate cannot be resolved to a type
	CustomDate cannot be resolved to a type
	CustomDate cannot be resolved to a type
	CustomDate cannot be resolved to a type
	CustomDate cannot be resolved to a type
	CustomDate cannot be resolved to a type
	CustomDate cannot be resolved to a type
	CustomDate cannot be resolved to a type
	CustomDate cannot be resolved to a type
	CustomDate cannot be resolved to a type
	CustomDate cannot be resolved to a type
	CustomDate cannot be resolved to a type
	CustomDate cannot be resolved to a type
	CustomDate cannot be resolved to a type
	CustomDate cannot be resolved to a type
	CustomDate cannot be resolved to a type
	CustomDate cannot be resolved to a type
	CustomDate cannot be resolved to a type
	CustomDate cannot be resolved to a type
	CustomDate cannot be resolved to a type
	CustomDate cannot be resolved to a type
	CustomDate cannot be resolved to a type
	CustomDate cannot be resolved to a type
	CustomDate cannot be resolved to a type
	CustomDate cannot be resolved to a type
	CustomDate cannot be resolved to a type
	CustomDate cannot be resolved to a type
	CustomDate cannot be resolved to a type
	CustomDate cannot be resolved to a type
	CustomDate cannot be resolved to a type
	CustomDate cannot be resolved to a type
	CustomDate cannot be resolved to a type
	CustomDate cannot be resolved to a type
	CustomDate cannot be resolved to a type
	CustomDate cannot be resolved to a type
	CustomDate cannot be resolved to a type
	CustomDate cannot be resolved to a type
	CustomDate cannot be resolved to a type
	CustomDate cannot be resolved to a type
	CustomDate cannot be resolved to a type
	CustomDate cannot be resolved to a type
	CustomDate cannot be resolved to a type
	CustomDate cannot be resolved to a type
	CustomDate cannot be resolved to a type
	CustomDate cannot be resolved to a type
	CustomDate cannot be resolved to a type
	CustomDate cannot be resolved to a type
	CustomDate cannot be resolved to a type
	CustomDate cannot be resolved to a type
	CustomDate cannot be resolved to a type
	CustomDate cannot be resolved to a type
	CustomDate cannot be resolved to a type
	CustomDate cannot be resolved to a type
	CustomDate cannot be resolved to a type
	CustomDate cannot be resolved to a type
	CustomDate cannot be resolved to a type
	CustomDate cannot be resolved to a type
	CustomDate cannot be resolved to a type
	CustomDate cannot be resolved to a type
	CustomDate cannot be resolved to a type
	CustomDate cannot be resolved to a type
	CustomDate cannot be resolved to a type
	CustomDate cannot be resolved to a type
	CustomDate cannot be resolved to a type
	CustomDate cannot be resolved to a type
	CustomDate cannot be resolved to a type
	CustomDate cannot be resolved to a type
	CustomDate cannot be resolved to a type
	CustomDate cannot be resolved to a type
	CustomDate cannot be resolved to a type
	CustomDate cannot be resolved to a type
	CustomDate cannot be resolved to a type
	CustomDate cannot be resolved to a type
	CustomDate cannot be resolved to a type
	CustomDate cannot be resolved to a type
	CustomDate cannot be resolved to a type
	CustomDate cannot be resolved to a type
	CustomDate cannot be resolved to a type


ISO2.Exe1.CustomDateTest$EachUseCoverage.testCase3_Valid  Time elapsed: 0 s  <<< ERROR!
java.lang.Error: 
Unresolved compilation problems: 
	The declared package "iso2.exe1" does not match the expected package "ISO2.Exe1"
	The import iso2 cannot be resolved
	CustomDate cannot be resolved to a type
	CustomDate cannot be resolved to a type
	CustomDate cannot be resolved to a type
	CustomDate cannot be resolved to a type
	CustomDate cannot be resolved to a type
	CustomDate cannot be resolved to a type
	CustomDate cannot be resolved to a type
	CustomDate cannot be resolved to a type
	CustomDate cannot be resolved to a type
	CustomDate cannot be resolved to a type
	CustomDate cannot be resolved to a type
	CustomDate cannot be resolved to a type
	CustomDate cannot be resolved to a type
	CustomDate cannot be resolved to a type
	CustomDate cannot be resolved to a type
	CustomDate cannot be resolved to a type
	CustomDate cannot be resolved to a type
	CustomDate cannot be resolved to a type
	CustomDate cannot be resolved to a type
	CustomDate cannot be resolved to a type
	CustomDate cannot be resolved to a type
	CustomDate cannot be resolved to a type
	CustomDate cannot be resolved to a type
	CustomDate cannot be resolved to a type
	CustomDate cannot be resolved to a type
	CustomDate cannot be resolved to a type
	CustomDate cannot be resolved to a type
	CustomDate cannot be resolved to a type
	CustomDate cannot be resolved to a type
	CustomDate cannot be resolved to a type
	CustomDate cannot be resolved to a type
	CustomDate cannot be resolved to a type
	CustomDate cannot be resolved to a type
	CustomDate cannot be resolved to a type
	CustomDate cannot be resolved to a type
	CustomDate cannot be resolved to a type
	CustomDate cannot be resolved to a type
	CustomDate cannot be resolved to a type
	CustomDate cannot be resolved to a type
	CustomDate cannot be resolved to a type
	CustomDate cannot be resolved to a type
	CustomDate cannot be resolved to a type
	CustomDate cannot be resolved to a type
	CustomDate cannot be resolved to a type
	CustomDate cannot be resolved to a type
	CustomDate cannot be resolved to a type
	CustomDate cannot be resolved to a type
	CustomDate cannot be resolved to a type
	CustomDate cannot be resolved to a type
	CustomDate cannot be resolved to a type
	CustomDate cannot be resolved to a type
	CustomDate cannot be resolved to a type
	CustomDate cannot be resolved to a type
	CustomDate cannot be resolved to a type
	CustomDate cannot be resolved to a type
	CustomDate cannot be resolved to a type
	CustomDate cannot be resolved to a type
	CustomDate cannot be resolved to a type
	CustomDate cannot be resolved to a type
	CustomDate cannot be resolved to a type
	CustomDate cannot be resolved to a type
	CustomDate cannot be resolved to a type
	CustomDate cannot be resolved to a type
	CustomDate cannot be resolved to a type
	CustomDate cannot be resolved to a type
	CustomDate cannot be resolved to a type
	CustomDate cannot be resolved to a type
	CustomDate cannot be resolved to a type
	CustomDate cannot be resolved to a type
	CustomDate cannot be resolved to a type
	CustomDate cannot be resolved to a type
	CustomDate cannot be resolved to a type
	CustomDate cannot be resolved to a type
	CustomDate cannot be resolved to a type
	CustomDate cannot be resolved to a type
	CustomDate cannot be resolved to a type
	CustomDate cannot be resolved to a type
	CustomDate cannot be resolved to a type
	CustomDate cannot be resolved to a type
	CustomDate cannot be resolved to a type
	CustomDate cannot be resolved to a type
	CustomDate cannot be resolved to a type
	CustomDate cannot be resolved to a type


ISO2.Exe1.CustomDateTest$EachUseCoverage.testCase8_MaxIntDayMonth  Time elapsed: 0 s  <<< ERROR!
java.lang.Error: 
Unresolved compilation problems: 
	The declared package "iso2.exe1" does not match the expected package "ISO2.Exe1"
	The import iso2 cannot be resolved
	CustomDate cannot be resolved to a type
	CustomDate cannot be resolved to a type
	CustomDate cannot be resolved to a type
	CustomDate cannot be resolved to a type
	CustomDate cannot be resolved to a type
	CustomDate cannot be resolved to a type
	CustomDate cannot be resolved to a type
	CustomDate cannot be resolved to a type
	CustomDate cannot be resolved to a type
	CustomDate cannot be resolved to a type
	CustomDate cannot be resolved to a type
	CustomDate cannot be resolved to a type
	CustomDate cannot be resolved to a type
	CustomDate cannot be resolved to a type
	CustomDate cannot be resolved to a type
	CustomDate cannot be resolved to a type
	CustomDate cannot be resolved to a type
	CustomDate cannot be resolved to a type
	CustomDate cannot be resolved to a type
	CustomDate cannot be resolved to a type
	CustomDate cannot be resolved to a type
	CustomDate cannot be resolved to a type
	CustomDate cannot be resolved to a type
	CustomDate cannot be resolved to a type
	CustomDate cannot be resolved to a type
	CustomDate cannot be resolved to a type
	CustomDate cannot be resolved to a type
	CustomDate cannot be resolved to a type
	CustomDate cannot be resolved to a type
	CustomDate cannot be resolved to a type
	CustomDate cannot be resolved to a type
	CustomDate cannot be resolved to a type
	CustomDate cannot be resolved to a type
	CustomDate cannot be resolved to a type
	CustomDate cannot be resolved to a type
	CustomDate cannot be resolved to a type
	CustomDate cannot be resolved to a type
	CustomDate cannot be resolved to a type
	CustomDate cannot be resolved to a type
	CustomDate cannot be resolved to a type
	CustomDate cannot be resolved to a type
	CustomDate cannot be resolved to a type
	CustomDate cannot be resolved to a type
	CustomDate cannot be resolved to a type
	CustomDate cannot be resolved to a type
	CustomDate cannot be resolved to a type
	CustomDate cannot be resolved to a type
	CustomDate cannot be resolved to a type
	CustomDate cannot be resolved to a type
	CustomDate cannot be resolved to a type
	CustomDate cannot be resolved to a type
	CustomDate cannot be resolved to a type
	CustomDate cannot be resolved to a type
	CustomDate cannot be resolved to a type
	CustomDate cannot be resolved to a type
	CustomDate cannot be resolved to a type
	CustomDate cannot be resolved to a type
	CustomDate cannot be resolved to a type
	CustomDate cannot be resolved to a type
	CustomDate cannot be resolved to a type
	CustomDate cannot be resolved to a type
	CustomDate cannot be resolved to a type
	CustomDate cannot be resolved to a type
	CustomDate cannot be resolved to a type
	CustomDate cannot be resolved to a type
	CustomDate cannot be resolved to a type
	CustomDate cannot be resolved to a type
	CustomDate cannot be resolved to a type
	CustomDate cannot be resolved to a type
	CustomDate cannot be resolved to a type
	CustomDate cannot be resolved to a type
	CustomDate cannot be resolved to a type
	CustomDate cannot be resolved to a type
	CustomDate cannot be resolved to a type
	CustomDate cannot be resolved to a type
	CustomDate cannot be resolved to a type
	CustomDate cannot be resolved to a type
	CustomDate cannot be resolved to a type
	CustomDate cannot be resolved to a type
	CustomDate cannot be resolved to a type
	CustomDate cannot be resolved to a type
	CustomDate cannot be resolved to a type
	CustomDate cannot be resolved to a type


ISO2.Exe1.CustomDateTest$EachUseCoverage.testCase9_BoundaryDay1  Time elapsed: 0.001 s  <<< ERROR!
java.lang.Error: 
Unresolved compilation problems: 
	The declared package "iso2.exe1" does not match the expected package "ISO2.Exe1"
	The import iso2 cannot be resolved
	CustomDate cannot be resolved to a type
	CustomDate cannot be resolved to a type
	CustomDate cannot be resolved to a type
	CustomDate cannot be resolved to a type
	CustomDate cannot be resolved to a type
	CustomDate cannot be resolved to a type
	CustomDate cannot be resolved to a type
	CustomDate cannot be resolved to a type
	CustomDate cannot be resolved to a type
	CustomDate cannot be resolved to a type
	CustomDate cannot be resolved to a type
	CustomDate cannot be resolved to a type
	CustomDate cannot be resolved to a type
	CustomDate cannot be resolved to a type
	CustomDate cannot be resolved to a type
	CustomDate cannot be resolved to a type
	CustomDate cannot be resolved to a type
	CustomDate cannot be resolved to a type
	CustomDate cannot be resolved to a type
	CustomDate cannot be resolved to a type
	CustomDate cannot be resolved to a type
	CustomDate cannot be resolved to a type
	CustomDate cannot be resolved to a type
	CustomDate cannot be resolved to a type
	CustomDate cannot be resolved to a type
	CustomDate cannot be resolved to a type
	CustomDate cannot be resolved to a type
	CustomDate cannot be resolved to a type
	CustomDate cannot be resolved to a type
	CustomDate cannot be resolved to a type
	CustomDate cannot be resolved to a type
	CustomDate cannot be resolved to a type
	CustomDate cannot be resolved to a type
	CustomDate cannot be resolved to a type
	CustomDate cannot be resolved to a type
	CustomDate cannot be resolved to a type
	CustomDate cannot be resolved to a type
	CustomDate cannot be resolved to a type
	CustomDate cannot be resolved to a type
	CustomDate cannot be resolved to a type
	CustomDate cannot be resolved to a type
	CustomDate cannot be resolved to a type
	CustomDate cannot be resolved to a type
	CustomDate cannot be resolved to a type
	CustomDate cannot be resolved to a type
	CustomDate cannot be resolved to a type
	CustomDate cannot be resolved to a type
	CustomDate cannot be resolved to a type
	CustomDate cannot be resolved to a type
	CustomDate cannot be resolved to a type
	CustomDate cannot be resolved to a type
	CustomDate cannot be resolved to a type
	CustomDate cannot be resolved to a type
	CustomDate cannot be resolved to a type
	CustomDate cannot be resolved to a type
	CustomDate cannot be resolved to a type
	CustomDate cannot be resolved to a type
	CustomDate cannot be resolved to a type
	CustomDate cannot be resolved to a type
	CustomDate cannot be resolved to a type
	CustomDate cannot be resolved to a type
	CustomDate cannot be resolved to a type
	CustomDate cannot be resolved to a type
	CustomDate cannot be resolved to a type
	CustomDate cannot be resolved to a type
	CustomDate cannot be resolved to a type
	CustomDate cannot be resolved to a type
	CustomDate cannot be resolved to a type
	CustomDate cannot be resolved to a type
	CustomDate cannot be resolved to a type
	CustomDate cannot be resolved to a type
	CustomDate cannot be resolved to a type
	CustomDate cannot be resolved to a type
	CustomDate cannot be resolved to a type
	CustomDate cannot be resolved to a type
	CustomDate cannot be resolved to a type
	CustomDate cannot be resolved to a type
	CustomDate cannot be resolved to a type
	CustomDate cannot be resolved to a type
	CustomDate cannot be resolved to a type
	CustomDate cannot be resolved to a type
	CustomDate cannot be resolved to a type
	CustomDate cannot be resolved to a type


ISO2.Exe1.CustomDateTest$EachUseCoverage.testCase4_MinIntYear  Time elapsed: 0 s  <<< ERROR!
java.lang.Error: 
Unresolved compilation problems: 
	The declared package "iso2.exe1" does not match the expected package "ISO2.Exe1"
	The import iso2 cannot be resolved
	CustomDate cannot be resolved to a type
	CustomDate cannot be resolved to a type
	CustomDate cannot be resolved to a type
	CustomDate cannot be resolved to a type
	CustomDate cannot be resolved to a type
	CustomDate cannot be resolved to a type
	CustomDate cannot be resolved to a type
	CustomDate cannot be resolved to a type
	CustomDate cannot be resolved to a type
	CustomDate cannot be resolved to a type
	CustomDate cannot be resolved to a type
	CustomDate cannot be resolved to a type
	CustomDate cannot be resolved to a type
	CustomDate cannot be resolved to a type
	CustomDate cannot be resolved to a type
	CustomDate cannot be resolved to a type
	CustomDate cannot be resolved to a type
	CustomDate cannot be resolved to a type
	CustomDate cannot be resolved to a type
	CustomDate cannot be resolved to a type
	CustomDate cannot be resolved to a type
	CustomDate cannot be resolved to a type
	CustomDate cannot be resolved to a type
	CustomDate cannot be resolved to a type
	CustomDate cannot be resolved to a type
	CustomDate cannot be resolved to a type
	CustomDate cannot be resolved to a type
	CustomDate cannot be resolved to a type
	CustomDate cannot be resolved to a type
	CustomDate cannot be resolved to a type
	CustomDate cannot be resolved to a type
	CustomDate cannot be resolved to a type
	CustomDate cannot be resolved to a type
	CustomDate cannot be resolved to a type
	CustomDate cannot be resolved to a type
	CustomDate cannot be resolved to a type
	CustomDate cannot be resolved to a type
	CustomDate cannot be resolved to a type
	CustomDate cannot be resolved to a type
	CustomDate cannot be resolved to a type
	CustomDate cannot be resolved to a type
	CustomDate cannot be resolved to a type
	CustomDate cannot be resolved to a type
	CustomDate cannot be resolved to a type
	CustomDate cannot be resolved to a type
	CustomDate cannot be resolved to a type
	CustomDate cannot be resolved to a type
	CustomDate cannot be resolved to a type
	CustomDate cannot be resolved to a type
	CustomDate cannot be resolved to a type
	CustomDate cannot be resolved to a type
	CustomDate cannot be resolved to a type
	CustomDate cannot be resolved to a type
	CustomDate cannot be resolved to a type
	CustomDate cannot be resolved to a type
	CustomDate cannot be resolved to a type
	CustomDate cannot be resolved to a type
	CustomDate cannot be resolved to a type
	CustomDate cannot be resolved to a type
	CustomDate cannot be resolved to a type
	CustomDate cannot be resolved to a type
	CustomDate cannot be resolved to a type
	CustomDate cannot be resolved to a type
	CustomDate cannot be resolved to a type
	CustomDate cannot be resolved to a type
	CustomDate cannot be resolved to a type
	CustomDate cannot be resolved to a type
	CustomDate cannot be resolved to a type
	CustomDate cannot be resolved to a type
	CustomDate cannot be resolved to a type
	CustomDate cannot be resolved to a type
	CustomDate cannot be resolved to a type
	CustomDate cannot be resolved to a type
	CustomDate cannot be resolved to a type
	CustomDate cannot be resolved to a type
	CustomDate cannot be resolved to a type
	CustomDate cannot be resolved to a type
	CustomDate cannot be resolved to a type
	CustomDate cannot be resolved to a type
	CustomDate cannot be resolved to a type
	CustomDate cannot be resolved to a type
	CustomDate cannot be resolved to a type
	CustomDate cannot be resolved to a type


ISO2.Exe1.CustomDateTest$EachUseCoverage.testCase7_MinIntDayMonth  Time elapsed: 0 s  <<< ERROR!
java.lang.Error: 
Unresolved compilation problems: 
	The declared package "iso2.exe1" does not match the expected package "ISO2.Exe1"
	The import iso2 cannot be resolved
	CustomDate cannot be resolved to a type
	CustomDate cannot be resolved to a type
	CustomDate cannot be resolved to a type
	CustomDate cannot be resolved to a type
	CustomDate cannot be resolved to a type
	CustomDate cannot be resolved to a type
	CustomDate cannot be resolved to a type
	CustomDate cannot be resolved to a type
	CustomDate cannot be resolved to a type
	CustomDate cannot be resolved to a type
	CustomDate cannot be resolved to a type
	CustomDate cannot be resolved to a type
	CustomDate cannot be resolved to a type
	CustomDate cannot be resolved to a type
	CustomDate cannot be resolved to a type
	CustomDate cannot be resolved to a type
	CustomDate cannot be resolved to a type
	CustomDate cannot be resolved to a type
	CustomDate cannot be resolved to a type
	CustomDate cannot be resolved to a type
	CustomDate cannot be resolved to a type
	CustomDate cannot be resolved to a type
	CustomDate cannot be resolved to a type
	CustomDate cannot be resolved to a type
	CustomDate cannot be resolved to a type
	CustomDate cannot be resolved to a type
	CustomDate cannot be resolved to a type
	CustomDate cannot be resolved to a type
	CustomDate cannot be resolved to a type
	CustomDate cannot be resolved to a type
	CustomDate cannot be resolved to a type
	CustomDate cannot be resolved to a type
	CustomDate cannot be resolved to a type
	CustomDate cannot be resolved to a type
	CustomDate cannot be resolved to a type
	CustomDate cannot be resolved to a type
	CustomDate cannot be resolved to a type
	CustomDate cannot be resolved to a type
	CustomDate cannot be resolved to a type
	CustomDate cannot be resolved to a type
	CustomDate cannot be resolved to a type
	CustomDate cannot be resolved to a type
	CustomDate cannot be resolved to a type
	CustomDate cannot be resolved to a type
	CustomDate cannot be resolved to a type
	CustomDate cannot be resolved to a type
	CustomDate cannot be resolved to a type
	CustomDate cannot be resolved to a type
	CustomDate cannot be resolved to a type
	CustomDate cannot be resolved to a type
	CustomDate cannot be resolved to a type
	CustomDate cannot be resolved to a type
	CustomDate cannot be resolved to a type
	CustomDate cannot be resolved to a type
	CustomDate cannot be resolved to a type
	CustomDate cannot be resolved to a type
	CustomDate cannot be resolved to a type
	CustomDate cannot be resolved to a type
	CustomDate cannot be resolved to a type
	CustomDate cannot be resolved to a type
	CustomDate cannot be resolved to a type
	CustomDate cannot be resolved to a type
	CustomDate cannot be resolved to a type
	CustomDate cannot be resolved to a type
	CustomDate cannot be resolved to a type
	CustomDate cannot be resolved to a type
	CustomDate cannot be resolved to a type
	CustomDate cannot be resolved to a type
	CustomDate cannot be resolved to a type
	CustomDate cannot be resolved to a type
	CustomDate cannot be resolved to a type
	CustomDate cannot be resolved to a type
	CustomDate cannot be resolved to a type
	CustomDate cannot be resolved to a type
	CustomDate cannot be resolved to a type
	CustomDate cannot be resolved to a type
	CustomDate cannot be resolved to a type
	CustomDate cannot be resolved to a type
	CustomDate cannot be resolved to a type
	CustomDate cannot be resolved to a type
	CustomDate cannot be resolved to a type
	CustomDate cannot be resolved to a type
	CustomDate cannot be resolved to a type


ISO2.Exe1.CustomDateTest$EachUseCoverage.testCase6_InvalidDayMonth  Time elapsed: 0 s  <<< ERROR!
java.lang.Error: 
Unresolved compilation problems: 
	The declared package "iso2.exe1" does not match the expected package "ISO2.Exe1"
	The import iso2 cannot be resolved
	CustomDate cannot be resolved to a type
	CustomDate cannot be resolved to a type
	CustomDate cannot be resolved to a type
	CustomDate cannot be resolved to a type
	CustomDate cannot be resolved to a type
	CustomDate cannot be resolved to a type
	CustomDate cannot be resolved to a type
	CustomDate cannot be resolved to a type
	CustomDate cannot be resolved to a type
	CustomDate cannot be resolved to a type
	CustomDate cannot be resolved to a type
	CustomDate cannot be resolved to a type
	CustomDate cannot be resolved to a type
	CustomDate cannot be resolved to a type
	CustomDate cannot be resolved to a type
	CustomDate cannot be resolved to a type
	CustomDate cannot be resolved to a type
	CustomDate cannot be resolved to a type
	CustomDate cannot be resolved to a type
	CustomDate cannot be resolved to a type
	CustomDate cannot be resolved to a type
	CustomDate cannot be resolved to a type
	CustomDate cannot be resolved to a type
	CustomDate cannot be resolved to a type
	CustomDate cannot be resolved to a type
	CustomDate cannot be resolved to a type
	CustomDate cannot be resolved to a type
	CustomDate cannot be resolved to a type
	CustomDate cannot be resolved to a type
	CustomDate cannot be resolved to a type
	CustomDate cannot be resolved to a type
	CustomDate cannot be resolved to a type
	CustomDate cannot be resolved to a type
	CustomDate cannot be resolved to a type
	CustomDate cannot be resolved to a type
	CustomDate cannot be resolved to a type
	CustomDate cannot be resolved to a type
	CustomDate cannot be resolved to a type
	CustomDate cannot be resolved to a type
	CustomDate cannot be resolved to a type
	CustomDate cannot be resolved to a type
	CustomDate cannot be resolved to a type
	CustomDate cannot be resolved to a type
	CustomDate cannot be resolved to a type
	CustomDate cannot be resolved to a type
	CustomDate cannot be resolved to a type
	CustomDate cannot be resolved to a type
	CustomDate cannot be resolved to a type
	CustomDate cannot be resolved to a type
	CustomDate cannot be resolved to a type
	CustomDate cannot be resolved to a type
	CustomDate cannot be resolved to a type
	CustomDate cannot be resolved to a type
	CustomDate cannot be resolved to a type
	CustomDate cannot be resolved to a type
	CustomDate cannot be resolved to a type
	CustomDate cannot be resolved to a type
	CustomDate cannot be resolved to a type
	CustomDate cannot be resolved to a type
	CustomDate cannot be resolved to a type
	CustomDate cannot be resolved to a type
	CustomDate cannot be resolved to a type
	CustomDate cannot be resolved to a type
	CustomDate cannot be resolved to a type
	CustomDate cannot be resolved to a type
	CustomDate cannot be resolved to a type
	CustomDate cannot be resolved to a type
	CustomDate cannot be resolved to a type
	CustomDate cannot be resolved to a type
	CustomDate cannot be resolved to a type
	CustomDate cannot be resolved to a type
	CustomDate cannot be resolved to a type
	CustomDate cannot be resolved to a type
	CustomDate cannot be resolved to a type
	CustomDate cannot be resolved to a type
	CustomDate cannot be resolved to a type
	CustomDate cannot be resolved to a type
	CustomDate cannot be resolved to a type
	CustomDate cannot be resolved to a type
	CustomDate cannot be resolved to a type
	CustomDate cannot be resolved to a type
	CustomDate cannot be resolved to a type
	CustomDate cannot be resolved to a type


ISO2.Exe1.CustomDateTest$EachUseCoverage.testCase1_InvalidAll  Time elapsed: 0 s  <<< ERROR!
java.lang.Error: 
Unresolved compilation problems: 
	The declared package "iso2.exe1" does not match the expected package "ISO2.Exe1"
	The import iso2 cannot be resolved
	CustomDate cannot be resolved to a type
	CustomDate cannot be resolved to a type
	CustomDate cannot be resolved to a type
	CustomDate cannot be resolved to a type
	CustomDate cannot be resolved to a type
	CustomDate cannot be resolved to a type
	CustomDate cannot be resolved to a type
	CustomDate cannot be resolved to a type
	CustomDate cannot be resolved to a type
	CustomDate cannot be resolved to a type
	CustomDate cannot be resolved to a type
	CustomDate cannot be resolved to a type
	CustomDate cannot be resolved to a type
	CustomDate cannot be resolved to a type
	CustomDate cannot be resolved to a type
	CustomDate cannot be resolved to a type
	CustomDate cannot be resolved to a type
	CustomDate cannot be resolved to a type
	CustomDate cannot be resolved to a type
	CustomDate cannot be resolved to a type
	CustomDate cannot be resolved to a type
	CustomDate cannot be resolved to a type
	CustomDate cannot be resolved to a type
	CustomDate cannot be resolved to a type
	CustomDate cannot be resolved to a type
	CustomDate cannot be resolved to a type
	CustomDate cannot be resolved to a type
	CustomDate cannot be resolved to a type
	CustomDate cannot be resolved to a type
	CustomDate cannot be resolved to a type
	CustomDate cannot be resolved to a type
	CustomDate cannot be resolved to a type
	CustomDate cannot be resolved to a type
	CustomDate cannot be resolved to a type
	CustomDate cannot be resolved to a type
	CustomDate cannot be resolved to a type
	CustomDate cannot be resolved to a type
	CustomDate cannot be resolved to a type
	CustomDate cannot be resolved to a type
	CustomDate cannot be resolved to a type
	CustomDate cannot be resolved to a type
	CustomDate cannot be resolved to a type
	CustomDate cannot be resolved to a type
	CustomDate cannot be resolved to a type
	CustomDate cannot be resolved to a type
	CustomDate cannot be resolved to a type
	CustomDate cannot be resolved to a type
	CustomDate cannot be resolved to a type
	CustomDate cannot be resolved to a type
	CustomDate cannot be resolved to a type
	CustomDate cannot be resolved to a type
	CustomDate cannot be resolved to a type
	CustomDate cannot be resolved to a type
	CustomDate cannot be resolved to a type
	CustomDate cannot be resolved to a type
	CustomDate cannot be resolved to a type
	CustomDate cannot be resolved to a type
	CustomDate cannot be resolved to a type
	CustomDate cannot be resolved to a type
	CustomDate cannot be resolved to a type
	CustomDate cannot be resolved to a type
	CustomDate cannot be resolved to a type
	CustomDate cannot be resolved to a type
	CustomDate cannot be resolved to a type
	CustomDate cannot be resolved to a type
	CustomDate cannot be resolved to a type
	CustomDate cannot be resolved to a type
	CustomDate cannot be resolved to a type
	CustomDate cannot be resolved to a type
	CustomDate cannot be resolved to a type
	CustomDate cannot be resolved to a type
	CustomDate cannot be resolved to a type
	CustomDate cannot be resolved to a type
	CustomDate cannot be resolved to a type
	CustomDate cannot be resolved to a type
	CustomDate cannot be resolved to a type
	CustomDate cannot be resolved to a type
	CustomDate cannot be resolved to a type
	CustomDate cannot be resolved to a type
	CustomDate cannot be resolved to a type
	CustomDate cannot be resolved to a type
	CustomDate cannot be resolved to a type
	CustomDate cannot be resolved to a type


