-------------------------------------------------------------------------------
Test set: ISO2.Exe1.CustomDateTest$DecisionCoverage$DayDecision
-------------------------------------------------------------------------------
Tests run: 3, Failures: 0, Errors: 3, Skipped: 0, Time elapsed: 0.005 s <<< FAILURE! - in ISO2.Exe1.CustomDateTest$DecisionCoverage$DayDecision
ISO2.Exe1.CustomDateTest$DecisionCoverage$DayDecision.testDayDecisionFalse  Time elapsed: 0 s  <<< ERROR!
java.lang.Error: 
Unresolved compilation problems: 
	The declared package "iso2.exe1" does not match the expected package "ISO2.Exe1"
	The import iso2 cannot be resolved
	CustomDate cannot be resolved to a type
	CustomDate cannot be resolved to a type
	CustomDate cannot be resolved to a type
	CustomDate cannot be resolved to a type
	CustomDate cannot be resolved to a type
	CustomDate cannot be resolved to a type
	CustomDate cannot be resolved to a type
	CustomDate cannot be resolved to a type
	CustomDate cannot be resolved to a type
	CustomDate cannot be resolved to a type
	CustomDate cannot be resolved to a type
	CustomDate cannot be resolved to a type
	CustomDate cannot be resolved to a type
	CustomDate cannot be resolved to a type
	CustomDate cannot be resolved to a type
	CustomDate cannot be resolved to a type
	CustomDate cannot be resolved to a type
	CustomDate cannot be resolved to a type
	CustomDate cannot be resolved to a type
	CustomDate cannot be resolved to a type
	CustomDate cannot be resolved to a type
	CustomDate cannot be resolved to a type
	CustomDate cannot be resolved to a type
	CustomDate cannot be resolved to a type
	CustomDate cannot be resolved to a type
	CustomDate cannot be resolved to a type
	CustomDate cannot be resolved to a type
	CustomDate cannot be resolved to a type
	CustomDate cannot be resolved to a type
	CustomDate cannot be resolved to a type
	CustomDate cannot be resolved to a type
	CustomDate cannot be resolved to a type
	CustomDate cannot be resolved to a type
	CustomDate cannot be resolved to a type
	CustomDate cannot be resolved to a type
	CustomDate cannot be resolved to a type
	CustomDate cannot be resolved to a type
	CustomDate cannot be resolved to a type
	CustomDate cannot be resolved to a type
	CustomDate cannot be resolved to a type
	CustomDate cannot be resolved to a type
	CustomDate cannot be resolved to a type
	CustomDate cannot be resolved to a type
	CustomDate cannot be resolved to a type
	CustomDate cannot be resolved to a type
	CustomDate cannot be resolved to a type
	CustomDate cannot be resolved to a type
	CustomDate cannot be resolved to a type
	CustomDate cannot be resolved to a type
	CustomDate cannot be resolved to a type
	CustomDate cannot be resolved to a type
	CustomDate cannot be resolved to a type
	CustomDate cannot be resolved to a type
	CustomDate cannot be resolved to a type
	CustomDate cannot be resolved to a type
	CustomDate cannot be resolved to a type
	CustomDate cannot be resolved to a type
	CustomDate cannot be resolved to a type
	CustomDate cannot be resolved to a type
	CustomDate cannot be resolved to a type
	CustomDate cannot be resolved to a type
	CustomDate cannot be resolved to a type
	CustomDate cannot be resolved to a type
	CustomDate cannot be resolved to a type
	CustomDate cannot be resolved to a type
	CustomDate cannot be resolved to a type
	CustomDate cannot be resolved to a type
	CustomDate cannot be resolved to a type
	CustomDate cannot be resolved to a type
	CustomDate cannot be resolved to a type
	CustomDate cannot be resolved to a type
	CustomDate cannot be resolved to a type
	CustomDate cannot be resolved to a type
	CustomDate cannot be resolved to a type
	CustomDate cannot be resolved to a type
	CustomDate cannot be resolved to a type
	CustomDate cannot be resolved to a type
	CustomDate cannot be resolved to a type
	CustomDate cannot be resolved to a type
	CustomDate cannot be resolved to a type
	CustomDate cannot be resolved to a type
	CustomDate cannot be resolved to a type
	CustomDate cannot be resolved to a type


ISO2.Exe1.CustomDateTest$DecisionCoverage$DayDecision.testDayDecisionTrueViaLow  Time elapsed: 0 s  <<< ERROR!
java.lang.Error: 
Unresolved compilation problems: 
	The declared package "iso2.exe1" does not match the expected package "ISO2.Exe1"
	The import iso2 cannot be resolved
	CustomDate cannot be resolved to a type
	CustomDate cannot be resolved to a type
	CustomDate cannot be resolved to a type
	CustomDate cannot be resolved to a type
	CustomDate cannot be resolved to a type
	CustomDate cannot be resolved to a type
	CustomDate cannot be resolved to a type
	CustomDate cannot be resolved to a type
	CustomDate cannot be resolved to a type
	CustomDate cannot be resolved to a type
	CustomDate cannot be resolved to a type
	CustomDate cannot be resolved to a type
	CustomDate cannot be resolved to a type
	CustomDate cannot be resolved to a type
	CustomDate cannot be resolved to a type
	CustomDate cannot be resolved to a type
	CustomDate cannot be resolved to a type
	CustomDate cannot be resolved to a type
	CustomDate cannot be resolved to a type
	CustomDate cannot be resolved to a type
	CustomDate cannot be resolved to a type
	CustomDate cannot be resolved to a type
	CustomDate cannot be resolved to a type
	CustomDate cannot be resolved to a type
	CustomDate cannot be resolved to a type
	CustomDate cannot be resolved to a type
	CustomDate cannot be resolved to a type
	CustomDate cannot be resolved to a type
	CustomDate cannot be resolved to a type
	CustomDate cannot be resolved to a type
	CustomDate cannot be resolved to a type
	CustomDate cannot be resolved to a type
	CustomDate cannot be resolved to a type
	CustomDate cannot be resolved to a type
	CustomDate cannot be resolved to a type
	CustomDate cannot be resolved to a type
	CustomDate cannot be resolved to a type
	CustomDate cannot be resolved to a type
	CustomDate cannot be resolved to a type
	CustomDate cannot be resolved to a type
	CustomDate cannot be resolved to a type
	CustomDate cannot be resolved to a type
	CustomDate cannot be resolved to a type
	CustomDate cannot be resolved to a type
	CustomDate cannot be resolved to a type
	CustomDate cannot be resolved to a type
	CustomDate cannot be resolved to a type
	CustomDate cannot be resolved to a type
	CustomDate cannot be resolved to a type
	CustomDate cannot be resolved to a type
	CustomDate cannot be resolved to a type
	CustomDate cannot be resolved to a type
	CustomDate cannot be resolved to a type
	CustomDate cannot be resolved to a type
	CustomDate cannot be resolved to a type
	CustomDate cannot be resolved to a type
	CustomDate cannot be resolved to a type
	CustomDate cannot be resolved to a type
	CustomDate cannot be resolved to a type
	CustomDate cannot be resolved to a type
	CustomDate cannot be resolved to a type
	CustomDate cannot be resolved to a type
	CustomDate cannot be resolved to a type
	CustomDate cannot be resolved to a type
	CustomDate cannot be resolved to a type
	CustomDate cannot be resolved to a type
	CustomDate cannot be resolved to a type
	CustomDate cannot be resolved to a type
	CustomDate cannot be resolved to a type
	CustomDate cannot be resolved to a type
	CustomDate cannot be resolved to a type
	CustomDate cannot be resolved to a type
	CustomDate cannot be resolved to a type
	CustomDate cannot be resolved to a type
	CustomDate cannot be resolved to a type
	CustomDate cannot be resolved to a type
	CustomDate cannot be resolved to a type
	CustomDate cannot be resolved to a type
	CustomDate cannot be resolved to a type
	CustomDate cannot be resolved to a type
	CustomDate cannot be resolved to a type
	CustomDate cannot be resolved to a type
	CustomDate cannot be resolved to a type


ISO2.Exe1.CustomDateTest$DecisionCoverage$DayDecision.testDayDecisionTrueViaHigh  Time elapsed: 0.001 s  <<< ERROR!
java.lang.Error: 
Unresolved compilation problems: 
	The declared package "iso2.exe1" does not match the expected package "ISO2.Exe1"
	The import iso2 cannot be resolved
	CustomDate cannot be resolved to a type
	CustomDate cannot be resolved to a type
	CustomDate cannot be resolved to a type
	CustomDate cannot be resolved to a type
	CustomDate cannot be resolved to a type
	CustomDate cannot be resolved to a type
	CustomDate cannot be resolved to a type
	CustomDate cannot be resolved to a type
	CustomDate cannot be resolved to a type
	CustomDate cannot be resolved to a type
	CustomDate cannot be resolved to a type
	CustomDate cannot be resolved to a type
	CustomDate cannot be resolved to a type
	CustomDate cannot be resolved to a type
	CustomDate cannot be resolved to a type
	CustomDate cannot be resolved to a type
	CustomDate cannot be resolved to a type
	CustomDate cannot be resolved to a type
	CustomDate cannot be resolved to a type
	CustomDate cannot be resolved to a type
	CustomDate cannot be resolved to a type
	CustomDate cannot be resolved to a type
	CustomDate cannot be resolved to a type
	CustomDate cannot be resolved to a type
	CustomDate cannot be resolved to a type
	CustomDate cannot be resolved to a type
	CustomDate cannot be resolved to a type
	CustomDate cannot be resolved to a type
	CustomDate cannot be resolved to a type
	CustomDate cannot be resolved to a type
	CustomDate cannot be resolved to a type
	CustomDate cannot be resolved to a type
	CustomDate cannot be resolved to a type
	CustomDate cannot be resolved to a type
	CustomDate cannot be resolved to a type
	CustomDate cannot be resolved to a type
	CustomDate cannot be resolved to a type
	CustomDate cannot be resolved to a type
	CustomDate cannot be resolved to a type
	CustomDate cannot be resolved to a type
	CustomDate cannot be resolved to a type
	CustomDate cannot be resolved to a type
	CustomDate cannot be resolved to a type
	CustomDate cannot be resolved to a type
	CustomDate cannot be resolved to a type
	CustomDate cannot be resolved to a type
	CustomDate cannot be resolved to a type
	CustomDate cannot be resolved to a type
	CustomDate cannot be resolved to a type
	CustomDate cannot be resolved to a type
	CustomDate cannot be resolved to a type
	CustomDate cannot be resolved to a type
	CustomDate cannot be resolved to a type
	CustomDate cannot be resolved to a type
	CustomDate cannot be resolved to a type
	CustomDate cannot be resolved to a type
	CustomDate cannot be resolved to a type
	CustomDate cannot be resolved to a type
	CustomDate cannot be resolved to a type
	CustomDate cannot be resolved to a type
	CustomDate cannot be resolved to a type
	CustomDate cannot be resolved to a type
	CustomDate cannot be resolved to a type
	CustomDate cannot be resolved to a type
	CustomDate cannot be resolved to a type
	CustomDate cannot be resolved to a type
	CustomDate cannot be resolved to a type
	CustomDate cannot be resolved to a type
	CustomDate cannot be resolved to a type
	CustomDate cannot be resolved to a type
	CustomDate cannot be resolved to a type
	CustomDate cannot be resolved to a type
	CustomDate cannot be resolved to a type
	CustomDate cannot be resolved to a type
	CustomDate cannot be resolved to a type
	CustomDate cannot be resolved to a type
	CustomDate cannot be resolved to a type
	CustomDate cannot be resolved to a type
	CustomDate cannot be resolved to a type
	CustomDate cannot be resolved to a type
	CustomDate cannot be resolved to a type
	CustomDate cannot be resolved to a type
	CustomDate cannot be resolved to a type


