-------------------------------------------------------------------------------
Test set: ISO2.Exe1.AppTest$RunMethodTests
-------------------------------------------------------------------------------
Tests run: 6, Failures: 0, Errors: 6, Skipped: 0, Time elapsed: 0.002 s <<< FAILURE! - in ISO2.Exe1.AppTest$RunMethodTests
ISO2.Exe1.AppTest$RunMethodTests.testRunHandlesInputException  Time elapsed: 0 s  <<< ERROR!
java.lang.Error: 
Unresolved compilation problem: 
	The declared package "iso2.exe1" does not match the expected package "ISO2.Exe1"


ISO2.Exe1.AppTest$RunMethodTests.testRunProcessesOption1ThenExits  Time elapsed: 0 s  <<< ERROR!
java.lang.Error: 
Unresolved compilation problem: 
	The declared package "iso2.exe1" does not match the expected package "ISO2.Exe1"


ISO2.Exe1.AppTest$RunMethodTests.testRunShowsWelcomeAndMenu  Time elapsed: 0 s  <<< ERROR!
java.lang.Error: 
Unresolved compilation problem: 
	The declared package "iso2.exe1" does not match the expected package "ISO2.Exe1"


ISO2.Exe1.AppTest$RunMethodTests.testRunMultipleOperations  Time elapsed: 0 s  <<< ERROR!
java.lang.Error: 
Unresolved compilation problem: 
	The declared package "iso2.exe1" does not match the expected package "ISO2.Exe1"


ISO2.Exe1.AppTest$RunMethodTests.testRunClosesInput  Time elapsed: 0 s  <<< ERROR!
java.lang.Error: 
Unresolved compilation problem: 
	The declared package "iso2.exe1" does not match the expected package "ISO2.Exe1"


ISO2.Exe1.AppTest$RunMethodTests.testRunHandlesGenericException  Time elapsed: 0 s  <<< ERROR!
java.lang.Error: 
Unresolved compilation problem: 
	The declared package "iso2.exe1" does not match the expected package "ISO2.Exe1"


