<?xml version="1.0" encoding="UTF-8"?>
<testsuite xmlns:xsi="http://www.w3.org/2001/XMLSchema-instance" xsi:noNamespaceSchemaLocation="https://maven.apache.org/surefire/maven-surefire-plugin/xsd/surefire-test-report-3.0.xsd" version="3.0" name="ISO2.Exe1.CustomDateTest" time="0.003" tests="30" errors="2" skipped="0" failures="0">
  <properties>
    <property name="java.specification.version" value="25"/>
    <property name="sun.jnu.encoding" value="UTF-8"/>
    <property name="java.class.path" value="/home/aitor/Universidad/Tercer Curso/Primer cuatrimestre/Ingenieria de software 2/LAB/Code/ISO2-2025-GrupoA2.2-Testing-Exe1/target/test-classes:/home/aitor/Universidad/Tercer Curso/Primer cuatrimestre/Ingenieria de software 2/LAB/Code/ISO2-2025-GrupoA2.2-Testing-Exe1/target/classes:/home/aitor/.m2/repository/junit/junit/4.13/junit-4.13.jar:/home/aitor/.m2/repository/org/hamcrest/hamcrest-core/1.3/hamcrest-core-1.3.jar:/home/aitor/Universidad/Tercer Curso/Primer cuatrimestre/Ingenieria de software 2/LAB/Code/ISO2-2025-GrupoA2.2-Testing-Exe1/lib/CommandLine-0.0.3.jar:"/>
    <property name="java.vm.vendor" value="Arch Linux"/>
    <property name="sun.arch.data.model" value="64"/>
    <property name="java.vendor.url" value="https://openjdk.org/"/>
    <property name="os.name" value="Linux"/>
    <property name="java.vm.specification.version" value="25"/>
    <property name="sun.java.launcher" value="SUN_STANDARD"/>
    <property name="user.country" value="ES"/>
    <property name="sun.boot.library.path" value="/usr/lib/jvm/java-25-openjdk/lib"/>
    <property name="sun.java.command" value="/home/aitor/Universidad/Tercer Curso/Primer cuatrimestre/Ingenieria de software 2/LAB/Code/ISO2-2025-GrupoA2.2-Testing-Exe1/target/surefire/surefirebooter-20251222180145428_3.jar /home/aitor/Universidad/Tercer Curso/Primer cuatrimestre/Ingenieria de software 2/LAB/Code/ISO2-2025-GrupoA2.2-Testing-Exe1/target/surefire 2025-12-22T18-01-45_359-jvmRun1 surefire-20251222180145428_1tmp surefire_0-20251222180145428_2tmp"/>
    <property name="jdk.debug" value="release"/>
    <property name="surefire.test.class.path" value="/home/aitor/Universidad/Tercer Curso/Primer cuatrimestre/Ingenieria de software 2/LAB/Code/ISO2-2025-GrupoA2.2-Testing-Exe1/target/test-classes:/home/aitor/Universidad/Tercer Curso/Primer cuatrimestre/Ingenieria de software 2/LAB/Code/ISO2-2025-GrupoA2.2-Testing-Exe1/target/classes:/home/aitor/.m2/repository/junit/junit/4.13/junit-4.13.jar:/home/aitor/.m2/repository/org/hamcrest/hamcrest-core/1.3/hamcrest-core-1.3.jar:/home/aitor/Universidad/Tercer Curso/Primer cuatrimestre/Ingenieria de software 2/LAB/Code/ISO2-2025-GrupoA2.2-Testing-Exe1/lib/CommandLine-0.0.3.jar:"/>
    <property name="sun.cpu.endian" value="little"/>
    <property name="user.home" value="/home/aitor"/>
    <property name="user.language" value="es"/>
    <property name="java.specification.vendor" value="Oracle Corporation"/>
    <property name="java.version.date" value="2025-10-21"/>
    <property name="java.home" value="/usr/lib/jvm/java-25-openjdk"/>
    <property name="file.separator" value="/"/>
    <property name="basedir" value="/home/aitor/Universidad/Tercer Curso/Primer cuatrimestre/Ingenieria de software 2/LAB/Code/ISO2-2025-GrupoA2.2-Testing-Exe1"/>
    <property name="java.vm.compressedOopsMode" value="32-bit"/>
    <property name="line.separator" value="&#10;"/>
    <property name="java.specification.name" value="Java Platform API Specification"/>
    <property name="java.vm.specification.vendor" value="Oracle Corporation"/>
    <property name="surefire.real.class.path" value="/home/aitor/Universidad/Tercer Curso/Primer cuatrimestre/Ingenieria de software 2/LAB/Code/ISO2-2025-GrupoA2.2-Testing-Exe1/target/surefire/surefirebooter-20251222180145428_3.jar"/>
    <property name="sun.management.compiler" value="HotSpot 64-Bit Tiered Compilers"/>
    <property name="java.runtime.version" value="25.0.1"/>
    <property name="user.name" value="aitor"/>
    <property name="stdout.encoding" value="UTF-8"/>
    <property name="path.separator" value=":"/>
    <property name="os.version" value="6.18.2-2-cachyos"/>
    <property name="java.runtime.name" value="OpenJDK Runtime Environment"/>
    <property name="file.encoding" value="UTF-8"/>
    <property name="java.vm.name" value="OpenJDK 64-Bit Server VM"/>
    <property name="localRepository" value="/home/aitor/.m2/repository"/>
    <property name="java.vendor.url.bug" value="https://bugreport.java.com/bugreport/"/>
    <property name="java.io.tmpdir" value="/tmp"/>
    <property name="java.version" value="25.0.1"/>
    <property name="user.dir" value="/home/aitor/Universidad/Tercer Curso/Primer cuatrimestre/Ingenieria de software 2/LAB/Code/ISO2-2025-GrupoA2.2-Testing-Exe1"/>
    <property name="os.arch" value="amd64"/>
    <property name="java.vm.specification.name" value="Java Virtual Machine Specification"/>
    <property name="native.encoding" value="UTF-8"/>
    <property name="java.library.path" value="/usr/java/packages/lib:/usr/lib64:/lib64:/lib:/usr/lib"/>
    <property name="java.vm.info" value="mixed mode, sharing"/>
    <property name="stderr.encoding" value="UTF-8"/>
    <property name="java.vendor" value="Arch Linux"/>
    <property name="java.vm.version" value="25.0.1"/>
    <property name="stdin.encoding" value="UTF-8"/>
    <property name="sun.io.unicode.encoding" value="UnicodeLittle"/>
    <property name="java.class.version" value="69.0"/>
  </properties>
  <testcase name="initializationError" classname="ISO2.Exe1.CustomDateTest$DecisionCoverage" time="0.0">
    <error message="Invalid test class &apos;ISO2.Exe1.CustomDateTest$DecisionCoverage&apos;:&#10;  1. No runnable methods" type="org.junit.runners.model.InvalidTestClassError"><![CDATA[org.junit.runners.model.InvalidTestClassError: 
Invalid test class 'ISO2.Exe1.CustomDateTest$DecisionCoverage':
  1. No runnable methods
	at org.junit.runners.ParentRunner.validate(ParentRunner.java:525)
	at org.junit.runners.ParentRunner.<init>(ParentRunner.java:102)
	at org.junit.runners.BlockJUnit4ClassRunner.<init>(BlockJUnit4ClassRunner.java:84)
	at org.junit.runners.JUnit4.<init>(JUnit4.java:23)
	at org.junit.internal.builders.JUnit4Builder.runnerForClass(JUnit4Builder.java:10)
	at org.junit.runners.model.RunnerBuilder.safeRunnerForClass(RunnerBuilder.java:70)
	at org.junit.internal.builders.AllDefaultPossibilitiesBuilder.runnerForClass(AllDefaultPossibilitiesBuilder.java:37)
	at org.junit.runners.model.RunnerBuilder.safeRunnerForClass(RunnerBuilder.java:70)
	at org.junit.runners.model.RunnerBuilder.runners(RunnerBuilder.java:125)
	at org.junit.runners.model.RunnerBuilder.runners(RunnerBuilder.java:111)
	at org.junit.runners.Suite.<init>(Suite.java:102)
	at org.junit.experimental.runners.Enclosed.<init>(Enclosed.java:31)
	at java.base/jdk.internal.reflect.DirectConstructorHandleAccessor.newInstance(DirectConstructorHandleAccessor.java:62)
	at java.base/java.lang.reflect.Constructor.newInstanceWithCaller(Constructor.java:499)
	at java.base/java.lang.reflect.Constructor.newInstance(Constructor.java:483)
	at org.junit.internal.builders.AnnotatedBuilder.buildRunner(AnnotatedBuilder.java:107)
	at org.junit.internal.builders.AnnotatedBuilder.runnerForClass(AnnotatedBuilder.java:86)
	at org.junit.runners.model.RunnerBuilder.safeRunnerForClass(RunnerBuilder.java:70)
	at org.junit.internal.builders.AllDefaultPossibilitiesBuilder.runnerForClass(AllDefaultPossibilitiesBuilder.java:37)
	at org.junit.runners.model.RunnerBuilder.safeRunnerForClass(RunnerBuilder.java:70)
	at org.junit.internal.requests.ClassRequest.createRunner(ClassRequest.java:28)
	at org.junit.internal.requests.MemoizingRequest.getRunner(MemoizingRequest.java:19)
	at org.apache.maven.surefire.junit4.JUnit4Provider.execute(JUnit4Provider.java:314)
	at org.apache.maven.surefire.junit4.JUnit4Provider.executeWithRerun(JUnit4Provider.java:240)
	at org.apache.maven.surefire.junit4.JUnit4Provider.executeTestSet(JUnit4Provider.java:214)
	at org.apache.maven.surefire.junit4.JUnit4Provider.invoke(JUnit4Provider.java:155)
	at org.apache.maven.surefire.booter.ForkedBooter.runSuitesInProcess(ForkedBooter.java:385)
	at org.apache.maven.surefire.booter.ForkedBooter.execute(ForkedBooter.java:162)
	at org.apache.maven.surefire.booter.ForkedBooter.run(ForkedBooter.java:507)
	at org.apache.maven.surefire.booter.ForkedBooter.main(ForkedBooter.java:495)
]]></error>
  </testcase>
  <testcase name="testCase2_Valid" classname="ISO2.Exe1.CustomDateTest$EachUseCoverage" time="0.0"/>
  <testcase name="testCase10_BoundaryDay31" classname="ISO2.Exe1.CustomDateTest$EachUseCoverage" time="0.0"/>
  <testcase name="testCase5_MaxIntYear" classname="ISO2.Exe1.CustomDateTest$EachUseCoverage" time="0.0"/>
  <testcase name="testCase11_BoundaryMonth12" classname="ISO2.Exe1.CustomDateTest$EachUseCoverage" time="0.0"/>
  <testcase name="testCase3_Valid" classname="ISO2.Exe1.CustomDateTest$EachUseCoverage" time="0.0"/>
  <testcase name="testCase8_MaxIntDayMonth" classname="ISO2.Exe1.CustomDateTest$EachUseCoverage" time="0.0"/>
  <testcase name="testCase9_BoundaryDay1" classname="ISO2.Exe1.CustomDateTest$EachUseCoverage" time="0.0"/>
  <testcase name="testCase4_MinIntYear" classname="ISO2.Exe1.CustomDateTest$EachUseCoverage" time="0.0"/>
  <testcase name="testCase7_MinIntDayMonth" classname="ISO2.Exe1.CustomDateTest$EachUseCoverage" time="0.0"/>
  <testcase name="testCase6_InvalidDayMonth" classname="ISO2.Exe1.CustomDateTest$EachUseCoverage" time="0.0"/>
  <testcase name="testCase1_InvalidAll" classname="ISO2.Exe1.CustomDateTest$EachUseCoverage" time="0.0"/>
  <testcase name="initializationError" classname="ISO2.Exe1.CustomDateTest$MCDCCoverage" time="0.0">
    <error message="Invalid test class &apos;ISO2.Exe1.CustomDateTest$MCDCCoverage&apos;:&#10;  1. No runnable methods" type="org.junit.runners.model.InvalidTestClassError"><![CDATA[org.junit.runners.model.InvalidTestClassError: 
Invalid test class 'ISO2.Exe1.CustomDateTest$MCDCCoverage':
  1. No runnable methods
	at org.junit.runners.ParentRunner.validate(ParentRunner.java:525)
	at org.junit.runners.ParentRunner.<init>(ParentRunner.java:102)
	at org.junit.runners.BlockJUnit4ClassRunner.<init>(BlockJUnit4ClassRunner.java:84)
	at org.junit.runners.JUnit4.<init>(JUnit4.java:23)
	at org.junit.internal.builders.JUnit4Builder.runnerForClass(JUnit4Builder.java:10)
	at org.junit.runners.model.RunnerBuilder.safeRunnerForClass(RunnerBuilder.java:70)
	at org.junit.internal.builders.AllDefaultPossibilitiesBuilder.runnerForClass(AllDefaultPossibilitiesBuilder.java:37)
	at org.junit.runners.model.RunnerBuilder.safeRunnerForClass(RunnerBuilder.java:70)
	at org.junit.runners.model.RunnerBuilder.runners(RunnerBuilder.java:125)
	at org.junit.runners.model.RunnerBuilder.runners(RunnerBuilder.java:111)
	at org.junit.runners.Suite.<init>(Suite.java:102)
	at org.junit.experimental.runners.Enclosed.<init>(Enclosed.java:31)
	at java.base/jdk.internal.reflect.DirectConstructorHandleAccessor.newInstance(DirectConstructorHandleAccessor.java:62)
	at java.base/java.lang.reflect.Constructor.newInstanceWithCaller(Constructor.java:499)
	at java.base/java.lang.reflect.Constructor.newInstance(Constructor.java:483)
	at org.junit.internal.builders.AnnotatedBuilder.buildRunner(AnnotatedBuilder.java:107)
	at org.junit.internal.builders.AnnotatedBuilder.runnerForClass(AnnotatedBuilder.java:86)
	at org.junit.runners.model.RunnerBuilder.safeRunnerForClass(RunnerBuilder.java:70)
	at org.junit.internal.builders.AllDefaultPossibilitiesBuilder.runnerForClass(AllDefaultPossibilitiesBuilder.java:37)
	at org.junit.runners.model.RunnerBuilder.safeRunnerForClass(RunnerBuilder.java:70)
	at org.junit.internal.requests.ClassRequest.createRunner(ClassRequest.java:28)
	at org.junit.internal.requests.MemoizingRequest.getRunner(MemoizingRequest.java:19)
	at org.apache.maven.surefire.junit4.JUnit4Provider.execute(JUnit4Provider.java:314)
	at org.apache.maven.surefire.junit4.JUnit4Provider.executeWithRerun(JUnit4Provider.java:240)
	at org.apache.maven.surefire.junit4.JUnit4Provider.executeTestSet(JUnit4Provider.java:214)
	at org.apache.maven.surefire.junit4.JUnit4Provider.invoke(JUnit4Provider.java:155)
	at org.apache.maven.surefire.booter.ForkedBooter.runSuitesInProcess(ForkedBooter.java:385)
	at org.apache.maven.surefire.booter.ForkedBooter.execute(ForkedBooter.java:162)
	at org.apache.maven.surefire.booter.ForkedBooter.run(ForkedBooter.java:507)
	at org.apache.maven.surefire.booter.ForkedBooter.main(ForkedBooter.java:495)
]]></error>
  </testcase>
  <testcase name="testInvalidMonthLow" classname="ISO2.Exe1.CustomDateTest$PairwiseCoverage" time="0.0"/>
  <testcase name="testMaxIntYearValid" classname="ISO2.Exe1.CustomDateTest$PairwiseCoverage" time="0.0"/>
  <testcase name="testMaxIntDay" classname="ISO2.Exe1.CustomDateTest$PairwiseCoverage" time="0.0"/>
  <testcase name="testInvalidDayHigh" classname="ISO2.Exe1.CustomDateTest$PairwiseCoverage" time="0.0"/>
  <testcase name="testInvalidYearNegative" classname="ISO2.Exe1.CustomDateTest$PairwiseCoverage" time="0.0"/>
  <testcase name="testInvalidDayLow" classname="ISO2.Exe1.CustomDateTest$PairwiseCoverage" time="0.0"/>
  <testcase name="testValidPairwiseCombinations" classname="ISO2.Exe1.CustomDateTest$PairwiseCoverage" time="0.0"/>
  <testcase name="testMinIntDay" classname="ISO2.Exe1.CustomDateTest$PairwiseCoverage" time="0.0"/>
  <testcase name="testMinIntYear" classname="ISO2.Exe1.CustomDateTest$PairwiseCoverage" time="0.0"/>
  <testcase name="testInvalidMonthHigh" classname="ISO2.Exe1.CustomDateTest$PairwiseCoverage" time="0.0"/>
  <testcase name="testMinIntMonth" classname="ISO2.Exe1.CustomDateTest$PairwiseCoverage" time="0.0"/>
  <testcase name="testMaxIntMonth" classname="ISO2.Exe1.CustomDateTest$PairwiseCoverage" time="0.0"/>
  <testcase name="testGetMonth" classname="ISO2.Exe1.CustomDateTest$UtilityMethodsCoverage" time="0.0"/>
  <testcase name="testToString" classname="ISO2.Exe1.CustomDateTest$UtilityMethodsCoverage" time="0.0"/>
  <testcase name="testGetYear" classname="ISO2.Exe1.CustomDateTest$UtilityMethodsCoverage" time="0.0"/>
  <testcase name="testToStringWithPadding" classname="ISO2.Exe1.CustomDateTest$UtilityMethodsCoverage" time="0.0"/>
  <testcase name="testGetDay" classname="ISO2.Exe1.CustomDateTest$UtilityMethodsCoverage" time="0.0"/>
</testsuite>