<?xml version="1.0" encoding="UTF-8"?>
<testsuite xmlns:xsi="http://www.w3.org/2001/XMLSchema-instance" xsi:noNamespaceSchemaLocation="https://maven.apache.org/surefire/maven-surefire-plugin/xsd/surefire-test-report-3.0.xsd" version="3.0" name="ISO2.Exe1.CustomDateTest" time="0.003" tests="30" errors="2" skipped="0" failures="0">
  <properties>
[...]
</properties>
  <testcase name="initializationError" classname="ISO2.Exe1.CustomDateTest$DecisionCoverage" time="0.0">
    <error message="Invalid test class &apos;ISO2.Exe1.CustomDateTest$DecisionCoverage&apos;:&#10;  1. No runnable methods" type="org.junit.runners.model.InvalidTestClassError"><![CDATA[org.junit.runners.model.InvalidTestClassError: 
Invalid test class 'ISO2.Exe1.CustomDateTest$DecisionCoverage':
  1. No runnable methods
	at org.junit.runners.ParentRunner.validate(ParentRunner.java:525)
	at org.junit.runners.ParentRunner.<init>(ParentRunner.java:102)
	at org.junit.runners.BlockJUnit4ClassRunner.<init>(BlockJUnit4ClassRunner.java:84)
	at org.junit.runners.JUnit4.<init>(JUnit4.java:23)
	at org.junit.internal.builders.JUnit4Builder.runnerForClass(JUnit4Builder.java:10)
	at org.junit.runners.model.RunnerBuilder.safeRunnerForClass(RunnerBuilder.java:70)
	at org.junit.internal.builders.AllDefaultPossibilitiesBuilder.runnerForClass(AllDefaultPossibilitiesBuilder.java:37)
	at org.junit.runners.model.RunnerBuilder.safeRunnerForClass(RunnerBuilder.java:70)
	at org.junit.runners.model.RunnerBuilder.runners(RunnerBuilder.java:125)
	at org.junit.runners.model.RunnerBuilder.runners(RunnerBuilder.java:111)
	at org.junit.runners.Suite.<init>(Suite.java:102)
	at org.junit.experimental.runners.Enclosed.<init>(Enclosed.java:31)
	at java.base/jdk.internal.reflect.DirectConstructorHandleAccessor.newInstance(DirectConstructorHandleAccessor.java:62)
	at java.base/java.lang.reflect.Constructor.newInstanceWithCaller(Constructor.java:499)
	at java.base/java.lang.reflect.Constructor.newInstance(Constructor.java:483)
	at org.junit.internal.builders.AnnotatedBuilder.buildRunner(AnnotatedBuilder.java:107)
	at org.junit.internal.builders.AnnotatedBuilder.runnerForClass(AnnotatedBuilder.java:86)
	at org.junit.runners.model.RunnerBuilder.safeRunnerForClass(RunnerBuilder.java:70)
	at org.junit.internal.builders.AllDefaultPossibilitiesBuilder.runnerForClass(AllDefaultPossibilitiesBuilder.java:37)
	at org.junit.runners.model.RunnerBuilder.safeRunnerForClass(RunnerBuilder.java:70)
	at org.junit.internal.requests.ClassRequest.createRunner(ClassRequest.java:28)
	at org.junit.internal.requests.MemoizingRequest.getRunner(MemoizingRequest.java:19)
	at org.apache.maven.surefire.junit4.JUnit4Provider.execute(JUnit4Provider.java:314)
	at org.apache.maven.surefire.junit4.JUnit4Provider.executeWithRerun(JUnit4Provider.java:240)
	at org.apache.maven.surefire.junit4.JUnit4Provider.executeTestSet(JUnit4Provider.java:214)
	at org.apache.maven.surefire.junit4.JUnit4Provider.invoke(JUnit4Provider.java:155)
	at org.apache.maven.surefire.booter.ForkedBooter.runSuitesInProcess(ForkedBooter.java:385)
	at org.apache.maven.surefire.booter.ForkedBooter.execute(ForkedBooter.java:162)
	at org.apache.maven.surefire.booter.ForkedBooter.run(ForkedBooter.java:507)
	at org.apache.maven.surefire.booter.ForkedBooter.main(ForkedBooter.java:495)
]]></error>
  </testcase>
  <testcase name="testCase2_Valid" classname="ISO2.Exe1.CustomDateTest$EachUseCoverage" time="0.0"/>
  <testcase name="testCase10_BoundaryDay31" classname="ISO2.Exe1.CustomDateTest$EachUseCoverage" time="0.0"/>
  <testcase name="testCase5_MaxIntYear" classname="ISO2.Exe1.CustomDateTest$EachUseCoverage" time="0.0"/>
  <testcase name="testCase11_BoundaryMonth12" classname="ISO2.Exe1.CustomDateTest$EachUseCoverage" time="0.0"/>
  <testcase name="testCase3_Valid" classname="ISO2.Exe1.CustomDateTest$EachUseCoverage" time="0.0"/>
  <testcase name="testCase8_MaxIntDayMonth" classname="ISO2.Exe1.CustomDateTest$EachUseCoverage" time="0.0"/>
  <testcase name="testCase9_BoundaryDay1" classname="ISO2.Exe1.CustomDateTest$EachUseCoverage" time="0.0"/>
  <testcase name="testCase4_MinIntYear" classname="ISO2.Exe1.CustomDateTest$EachUseCoverage" time="0.0"/>
  <testcase name="testCase7_MinIntDayMonth" classname="ISO2.Exe1.CustomDateTest$EachUseCoverage" time="0.0"/>
  <testcase name="testCase6_InvalidDayMonth" classname="ISO2.Exe1.CustomDateTest$EachUseCoverage" time="0.0"/>
  <testcase name="testCase1_InvalidAll" classname="ISO2.Exe1.CustomDateTest$EachUseCoverage" time="0.0"/>
  <testcase name="initializationError" classname="ISO2.Exe1.CustomDateTest$MCDCCoverage" time="0.0">
    <error message="Invalid test class &apos;ISO2.Exe1.CustomDateTest$MCDCCoverage&apos;:&#10;  1. No runnable methods" type="org.junit.runners.model.InvalidTestClassError"><![CDATA[org.junit.runners.model.InvalidTestClassError: 
Invalid test class 'ISO2.Exe1.CustomDateTest$MCDCCoverage':
  1. No runnable methods
	at org.junit.runners.ParentRunner.validate(ParentRunner.java:525)
	at org.junit.runners.ParentRunner.<init>(ParentRunner.java:102)
	at org.junit.runners.BlockJUnit4ClassRunner.<init>(BlockJUnit4ClassRunner.java:84)
	at org.junit.runners.JUnit4.<init>(JUnit4.java:23)
	at org.junit.internal.builders.JUnit4Builder.runnerForClass(JUnit4Builder.java:10)
	at org.junit.runners.model.RunnerBuilder.safeRunnerForClass(RunnerBuilder.java:70)
	at org.junit.internal.builders.AllDefaultPossibilitiesBuilder.runnerForClass(AllDefaultPossibilitiesBuilder.java:37)
	at org.junit.runners.model.RunnerBuilder.safeRunnerForClass(RunnerBuilder.java:70)
	at org.junit.runners.model.RunnerBuilder.runners(RunnerBuilder.java:125)
	at org.junit.runners.model.RunnerBuilder.runners(RunnerBuilder.java:111)
	at org.junit.runners.Suite.<init>(Suite.java:102)
	at org.junit.experimental.runners.Enclosed.<init>(Enclosed.java:31)
	at java.base/jdk.internal.reflect.DirectConstructorHandleAccessor.newInstance(DirectConstructorHandleAccessor.java:62)
	at java.base/java.lang.reflect.Constructor.newInstanceWithCaller(Constructor.java:499)
	at java.base/java.lang.reflect.Constructor.newInstance(Constructor.java:483)
	at org.junit.internal.builders.AnnotatedBuilder.buildRunner(AnnotatedBuilder.java:107)
	at org.junit.internal.builders.AnnotatedBuilder.runnerForClass(AnnotatedBuilder.java:86)
	at org.junit.runners.model.RunnerBuilder.safeRunnerForClass(RunnerBuilder.java:70)
	at org.junit.internal.builders.AllDefaultPossibilitiesBuilder.runnerForClass(AllDefaultPossibilitiesBuilder.java:37)
	at org.junit.runners.model.RunnerBuilder.safeRunnerForClass(RunnerBuilder.java:70)
	at org.junit.internal.requests.ClassRequest.createRunner(ClassRequest.java:28)
	at org.junit.internal.requests.MemoizingRequest.getRunner(MemoizingRequest.java:19)
	at org.apache.maven.surefire.junit4.JUnit4Provider.execute(JUnit4Provider.java:314)
	at org.apache.maven.surefire.junit4.JUnit4Provider.executeWithRerun(JUnit4Provider.java:240)
	at org.apache.maven.surefire.junit4.JUnit4Provider.executeTestSet(JUnit4Provider.java:214)
	at org.apache.maven.surefire.junit4.JUnit4Provider.invoke(JUnit4Provider.java:155)
	at org.apache.maven.surefire.booter.ForkedBooter.runSuitesInProcess(ForkedBooter.java:385)
	at org.apache.maven.surefire.booter.ForkedBooter.execute(ForkedBooter.java:162)
	at org.apache.maven.surefire.booter.ForkedBooter.run(ForkedBooter.java:507)
	at org.apache.maven.surefire.booter.ForkedBooter.main(ForkedBooter.java:495)
]]></error>
  </testcase>
  <testcase name="testInvalidMonthLow" classname="ISO2.Exe1.CustomDateTest$PairwiseCoverage" time="0.0"/>
  <testcase name="testMaxIntYearValid" classname="ISO2.Exe1.CustomDateTest$PairwiseCoverage" time="0.0"/>
  <testcase name="testMaxIntDay" classname="ISO2.Exe1.CustomDateTest$PairwiseCoverage" time="0.0"/>
  <testcase name="testInvalidDayHigh" classname="ISO2.Exe1.CustomDateTest$PairwiseCoverage" time="0.0"/>
  <testcase name="testInvalidYearNegative" classname="ISO2.Exe1.CustomDateTest$PairwiseCoverage" time="0.0"/>
  <testcase name="testInvalidDayLow" classname="ISO2.Exe1.CustomDateTest$PairwiseCoverage" time="0.0"/>
  <testcase name="testValidPairwiseCombinations" classname="ISO2.Exe1.CustomDateTest$PairwiseCoverage" time="0.0"/>
  <testcase name="testMinIntDay" classname="ISO2.Exe1.CustomDateTest$PairwiseCoverage" time="0.0"/>
  <testcase name="testMinIntYear" classname="ISO2.Exe1.CustomDateTest$PairwiseCoverage" time="0.0"/>
  <testcase name="testInvalidMonthHigh" classname="ISO2.Exe1.CustomDateTest$PairwiseCoverage" time="0.0"/>
  <testcase name="testMinIntMonth" classname="ISO2.Exe1.CustomDateTest$PairwiseCoverage" time="0.0"/>
  <testcase name="testMaxIntMonth" classname="ISO2.Exe1.CustomDateTest$PairwiseCoverage" time="0.0"/>
  <testcase name="testGetMonth" classname="ISO2.Exe1.CustomDateTest$UtilityMethodsCoverage" time="0.0"/>
  <testcase name="testToString" classname="ISO2.Exe1.CustomDateTest$UtilityMethodsCoverage" time="0.0"/>
  <testcase name="testGetYear" classname="ISO2.Exe1.CustomDateTest$UtilityMethodsCoverage" time="0.0"/>
  <testcase name="testToStringWithPadding" classname="ISO2.Exe1.CustomDateTest$UtilityMethodsCoverage" time="0.0"/>
  <testcase name="testGetDay" classname="ISO2.Exe1.CustomDateTest$UtilityMethodsCoverage" time="0.0"/>
</testsuite>